[debug] [2023-02-28T11:43:01.597Z] ----------------------------------------------------------------------
[debug] [2023-02-28T11:43:01.599Z] Command:       C:\Program Files\nodejs\node.exe C:\Users\jega4\AppData\Roaming\npm\node_modules\firebase-tools\lib\bin\firebase.js emulators:start
[debug] [2023-02-28T11:43:01.600Z] CLI Version:   11.24.0
[debug] [2023-02-28T11:43:01.600Z] Platform:      win32
[debug] [2023-02-28T11:43:01.600Z] Node Version:  v16.17.1
[debug] [2023-02-28T11:43:01.602Z] Time:          Tue Feb 28 2023 17:13:01 GMT+0530 (India Standard Time)
[debug] [2023-02-28T11:43:01.602Z] ----------------------------------------------------------------------
[debug] 
[debug] [2023-02-28T11:43:01.606Z] >>> [apiv2][query] GET https://firebase-public.firebaseio.com/cli.json [none]
[debug] [2023-02-28T11:43:01.703Z] > command requires scopes: ["email","openid","https://www.googleapis.com/auth/cloudplatformprojects.readonly","https://www.googleapis.com/auth/firebase","https://www.googleapis.com/auth/cloud-platform"]
[debug] [2023-02-28T11:43:01.703Z] > authorizing via signed-in user (tamilarasan1432000@gmail.com)
[debug] [2023-02-28T11:43:02.577Z] <<< [apiv2][status] GET https://firebase-public.firebaseio.com/cli.json 200
[debug] [2023-02-28T11:43:02.577Z] <<< [apiv2][body] GET https://firebase-public.firebaseio.com/cli.json {"cloudBuildErrorAfter":1594252800000,"cloudBuildWarnAfter":1590019200000,"defaultNode10After":1594252800000,"minVersion":"3.0.5","node8DeploysDisabledAfter":1613390400000,"node8RuntimeDisabledAfter":1615809600000,"node8WarnAfter":1600128000000}
[debug] [2023-02-28T11:43:04.925Z] java version "19.0.2" 2023-01-17
Java(TM) SE Runtime Environment (build 19.0.2+7-44)

[debug] [2023-02-28T11:43:04.925Z] Java HotSpot(TM) 64-Bit Server VM (build 19.0.2+7-44, mixed mode, sharing)

[debug] [2023-02-28T11:43:04.957Z] Parsed Java major version: 19
[info] i  emulators: Starting emulators: functions, firestore {"metadata":{"emulator":{"name":"hub"},"message":"Starting emulators: functions, firestore"}}
[debug] [2023-02-28T11:43:04.971Z] [logging] Logging Emulator only supports listening on one address (127.0.0.1). Not listening on ::1
[debug] [2023-02-28T11:43:04.971Z] [firestore] Firestore Emulator only supports listening on one address (127.0.0.1). Not listening on ::1
[debug] [2023-02-28T11:43:04.972Z] [firestore.websocket] websocket server for firestore only supports listening on one address (127.0.0.1). Not listening on ::1
[debug] [2023-02-28T11:43:04.972Z] assigned listening specs for emulators {"user":{"hub":[{"address":"127.0.0.1","family":"IPv4","port":4400},{"address":"::1","family":"IPv6","port":4400}],"ui":[{"address":"127.0.0.1","family":"IPv4","port":4000},{"address":"::1","family":"IPv6","port":4000}],"logging":[{"address":"127.0.0.1","family":"IPv4","port":4500}],"firestore":[{"address":"127.0.0.1","family":"IPv4","port":8080}],"firestore.websocket":[{"address":"127.0.0.1","family":"IPv4","port":9150}]},"metadata":{"message":"assigned listening specs for emulators"}}
[debug] [2023-02-28T11:43:04.982Z] [hub] writing locator at C:\Users\jega4\AppData\Local\Temp\hub-my-sample-project-tamil.json
[debug] [2023-02-28T11:43:04.997Z] [functions] Functions Emulator only supports listening on one address (127.0.0.1). Not listening on ::1
[debug] [2023-02-28T11:43:04.997Z] [eventarc] Eventarc Emulator only supports listening on one address (127.0.0.1). Not listening on ::1
[debug] [2023-02-28T11:43:04.997Z] late-assigned ports for functions and eventarc emulators {"user":{"hub":[{"address":"127.0.0.1","family":"IPv4","port":4400},{"address":"::1","family":"IPv6","port":4400}],"ui":[{"address":"127.0.0.1","family":"IPv4","port":4000},{"address":"::1","family":"IPv6","port":4000}],"logging":[{"address":"127.0.0.1","family":"IPv4","port":4500}],"firestore":[{"address":"127.0.0.1","family":"IPv4","port":8080}],"firestore.websocket":[{"address":"127.0.0.1","family":"IPv4","port":9150}],"functions":[{"address":"127.0.0.1","family":"IPv4","port":5001}],"eventarc":[{"address":"127.0.0.1","family":"IPv4","port":9299}]},"metadata":{"message":"late-assigned ports for functions and eventarc emulators"}}
[warn] !  functions: The following emulators are not running, calls to these services from the Functions emulator will affect production: auth, database, hosting, pubsub, storage {"metadata":{"emulator":{"name":"functions"},"message":"The following emulators are not running, calls to these services from the Functions emulator will affect production: \u001b[1mauth, database, hosting, pubsub, storage\u001b[22m"}}
[debug] [2023-02-28T11:43:05.004Z] defaultcredentials: writing to file C:\Users\jega4\AppData\Roaming\firebase\tamilarasan1432000_gmail_com_application_default_credentials.json
[debug] [2023-02-28T11:43:05.006Z] Setting GAC to C:\Users\jega4\AppData\Roaming\firebase\tamilarasan1432000_gmail_com_application_default_credentials.json {"metadata":{"emulator":{"name":"functions"},"message":"Setting GAC to C:\\Users\\jega4\\AppData\\Roaming\\firebase\\tamilarasan1432000_gmail_com_application_default_credentials.json"}}
[debug] [2023-02-28T11:43:05.008Z] > refreshing access token with scopes: []
[debug] [2023-02-28T11:43:05.009Z] >>> [apiv2][query] POST https://www.googleapis.com/oauth2/v3/token [none]
[debug] [2023-02-28T11:43:05.009Z] >>> [apiv2][body] POST https://www.googleapis.com/oauth2/v3/token [omitted]
[debug] [2023-02-28T11:43:05.565Z] <<< [apiv2][status] POST https://www.googleapis.com/oauth2/v3/token 200
[debug] [2023-02-28T11:43:05.565Z] <<< [apiv2][body] POST https://www.googleapis.com/oauth2/v3/token [omitted]
[debug] [2023-02-28T11:43:05.577Z] >>> [apiv2][query] GET https://firebase.googleapis.com/v1beta1/projects/my-sample-project-tamil/adminSdkConfig [none]
[debug] [2023-02-28T11:43:06.218Z] <<< [apiv2][status] GET https://firebase.googleapis.com/v1beta1/projects/my-sample-project-tamil/adminSdkConfig 200
[debug] [2023-02-28T11:43:06.218Z] <<< [apiv2][body] GET https://firebase.googleapis.com/v1beta1/projects/my-sample-project-tamil/adminSdkConfig {"projectId":"my-sample-project-tamil","storageBucket":"my-sample-project-tamil.appspot.com"}
[debug] [2023-02-28T11:43:06.257Z] Ignoring unsupported arg: auto_download {"metadata":{"emulator":{"name":"firestore"},"message":"Ignoring unsupported arg: auto_download"}}
[debug] [2023-02-28T11:43:06.257Z] Ignoring unsupported arg: single_project_mode_error {"metadata":{"emulator":{"name":"firestore"},"message":"Ignoring unsupported arg: single_project_mode_error"}}
[debug] [2023-02-28T11:43:06.257Z] Starting Firestore Emulator with command {"binary":"java","args":["-Dgoogle.cloud_firestore.debug_log_level=FINE","-Duser.language=en","-jar","C:\\Users\\jega4\\.cache\\firebase\\emulators\\cloud-firestore-emulator-v1.16.0.jar","--host","127.0.0.1","--port",8080,"--websocket_port",9150,"--project_id","my-sample-project-tamil","--rules","C:\\Users\\jega4\\Gitrepo\\clubmithra\\server\\firestore.rules","--single_project_mode",true,"--functions_emulator","127.0.0.1:5001"],"optionalArgs":["port","webchannel_port","host","rules","websocket_port","functions_emulator","seed_from_export","project_id","single_project_mode"],"joinArgs":false} {"metadata":{"emulator":{"name":"firestore"},"message":"Starting Firestore Emulator with command {\"binary\":\"java\",\"args\":[\"-Dgoogle.cloud_firestore.debug_log_level=FINE\",\"-Duser.language=en\",\"-jar\",\"C:\\\\Users\\\\jega4\\\\.cache\\\\firebase\\\\emulators\\\\cloud-firestore-emulator-v1.16.0.jar\",\"--host\",\"127.0.0.1\",\"--port\",8080,\"--websocket_port\",9150,\"--project_id\",\"my-sample-project-tamil\",\"--rules\",\"C:\\\\Users\\\\jega4\\\\Gitrepo\\\\clubmithra\\\\server\\\\firestore.rules\",\"--single_project_mode\",true,\"--functions_emulator\",\"127.0.0.1:5001\"],\"optionalArgs\":[\"port\",\"webchannel_port\",\"host\",\"rules\",\"websocket_port\",\"functions_emulator\",\"seed_from_export\",\"project_id\",\"single_project_mode\"],\"joinArgs\":false}"}}
[info] i  firestore: Firestore Emulator logging to firestore-debug.log {"metadata":{"emulator":{"name":"firestore"},"message":"Firestore Emulator logging to \u001b[1mfirestore-debug.log\u001b[22m"}}
[info] +  firestore: Firestore Emulator UI websocket is running on 9150. {"metadata":{"emulator":{"name":"firestore"},"message":"Firestore Emulator UI websocket is running on 9150."}}
[debug] [2023-02-28T11:43:08.380Z] Ignoring unsupported arg: auto_download {"metadata":{"emulator":{"name":"ui"},"message":"Ignoring unsupported arg: auto_download"}}
[debug] [2023-02-28T11:43:08.380Z] Ignoring unsupported arg: port {"metadata":{"emulator":{"name":"ui"},"message":"Ignoring unsupported arg: port"}}
[debug] [2023-02-28T11:43:08.381Z] Starting Emulator UI with command {"binary":"node","args":["C:\\Users\\jega4\\.cache\\firebase\\emulators\\ui-v1.11.4\\server\\server.js"],"optionalArgs":[],"joinArgs":false} {"metadata":{"emulator":{"name":"ui"},"message":"Starting Emulator UI with command {\"binary\":\"node\",\"args\":[\"C:\\\\Users\\\\jega4\\\\.cache\\\\firebase\\\\emulators\\\\ui-v1.11.4\\\\server\\\\server.js\"],\"optionalArgs\":[],\"joinArgs\":false}"}}
[info] i  ui: Emulator UI logging to ui-debug.log {"metadata":{"emulator":{"name":"ui"},"message":"Emulator UI logging to \u001b[1mui-debug.log\u001b[22m"}}
[debug] [2023-02-28T11:43:08.564Z] Web / API server started at 127.0.0.1:4000
 {"metadata":{"emulator":{"name":"ui"},"message":"Web / API server started at 127.0.0.1:4000\n"}}
[debug] [2023-02-28T11:43:08.565Z] Web / API server started at ::1:4000
 {"metadata":{"emulator":{"name":"ui"},"message":"Web / API server started at ::1:4000\n"}}
[info] i  functions: Watching "C:\Users\jega4\Gitrepo\clubmithra\server\functions" for Cloud Functions... {"metadata":{"emulator":{"name":"functions"},"message":"Watching \"C:\\Users\\jega4\\Gitrepo\\clubmithra\\server\\functions\" for Cloud Functions..."}}
[debug] [2023-02-28T11:43:08.658Z] Validating nodejs source
[debug] [2023-02-28T11:43:10.443Z] > [functions] package.json contents: {
  "name": "functions",
  "scripts": {
    "lint": "eslint --ext .js,.ts .",
    "build": "tsc",
    "build:watch": "tsc --watch",
    "serve-fn": "npm run build && firebase emulators:start --only functions",
    "serve": "npm run build && firebase emulators:start ",
    "shell": "npm run build && firebase functions:shell",
    "start": "npm run shell",
    "deploy": "firebase deploy --only functions",
    "logs": "firebase functions:log"
  },
  "engines": {
    "node": "16"
  },
  "main": "lib/index.js",
  "dependencies": {
    "body-parser": "^1.20.2",
    "cors": "^2.8.5",
    "firebase-admin": "^11.5.0",
    "firebase-functions": "^4.2.0"
  },
  "devDependencies": {
    "@types/cors": "^2.8.13",
    "@typescript-eslint/eslint-plugin": "^5.12.0",
    "@typescript-eslint/parser": "^5.12.0",
    "eslint": "^8.9.0",
    "eslint-config-google": "^0.14.0",
    "eslint-plugin-import": "^2.25.4",
    "firebase-functions-test": "^3.0.0",
    "typescript": "^4.9.0"
  },
  "private": true
}
[debug] [2023-02-28T11:43:10.443Z] Building nodejs source
[debug] [2023-02-28T11:43:10.444Z] Failed to find version of module node: reached end of search path C:\Users\jega4\Gitrepo\clubmithra\server\functions\node_modules
[info] +  functions: Using node@16 from host. 
[debug] [2023-02-28T11:43:10.448Z] Could not find functions.yaml. Must use http discovery
[debug] [2023-02-28T11:43:10.458Z] Found firebase-functions binary at 'C:\Users\jega4\Gitrepo\clubmithra\server\functions\node_modules\.bin\firebase-functions'
[debug] [2023-02-28T11:43:10.787Z] Serving at port 8600

[debug] [2023-02-28T11:43:11.142Z] Got response from /__/functions.yaml {"endpoints":{"api":{"platform":"gcfv1","availableMemoryMb":null,"timeoutSeconds":null,"minInstances":null,"maxInstances":null,"ingressSettings":null,"serviceAccountEmail":null,"vpc":null,"httpsTrigger":{},"entryPoint":"api"}},"specVersion":"v1alpha1","requiredAPIs":[]}
[debug] [2023-02-28T11:43:11.150Z] shutdown requested via /__/quitquitquit

[info] +  functions: Loaded functions definitions from source: api. {"metadata":{"emulator":{"name":"functions"},"message":"Loaded functions definitions from source: api."}}
[info] +  functions[us-central1-api]: http function initialized (http://127.0.0.1:5001/my-sample-project-tamil/us-central1/api). {"metadata":{"emulator":{"name":"functions"},"message":"\u001b[1mhttp\u001b[22m function initialized (http://127.0.0.1:5001/my-sample-project-tamil/us-central1/api)."}}
[info] 
┌─────────────────────────────────────────────────────────────┐
│ ✔  All emulators ready! It is now safe to connect your app. │
│ i  View Emulator UI at http://127.0.0.1:4000/               │
└─────────────────────────────────────────────────────────────┘

┌───────────┬────────────────┬─────────────────────────────────┐
│ Emulator  │ Host:Port      │ View in Emulator UI             │
├───────────┼────────────────┼─────────────────────────────────┤
│ Functions │ 127.0.0.1:5001 │ http://127.0.0.1:4000/functions │
├───────────┼────────────────┼─────────────────────────────────┤
│ Firestore │ 127.0.0.1:8080 │ http://127.0.0.1:4000/firestore │
└───────────┴────────────────┴─────────────────────────────────┘
  Emulator Hub running at 127.0.0.1:4400
  Other reserved ports: 4500, 9150

Issues? Report them at https://github.com/firebase/firebase-tools/issues and attach the *-debug.log files.
 
[debug] [2023-02-28T11:43:59.317Z] [work-queue] {"queuedWork":["/my-sample-project-tamil/us-central1/api/user/123-2023-02-28T11:43:59.317Z"],"queueLength":1,"runningWork":[],"workRunningCount":0}
[debug] [2023-02-28T11:43:59.317Z] [work-queue] {"queuedWork":[],"queueLength":0,"runningWork":["/my-sample-project-tamil/us-central1/api/user/123-2023-02-28T11:43:59.317Z"],"workRunningCount":1}
[debug] [2023-02-28T11:43:59.318Z] Accepted request DELETE /my-sample-project-tamil/us-central1/api/user/123 --> us-central1-api
[debug] [2023-02-28T11:43:59.322Z] [functions] Runtime ready! Sending request! {"metadata":{"emulator":{"name":"functions"},"message":"[functions] Runtime ready! Sending request!"}}
[debug] [2023-02-28T11:43:59.322Z] [functions] Got req.url=/my-sample-project-tamil/us-central1/api/user/123, mapping to path=/user/123 {"metadata":{"emulator":{"name":"functions"},"message":"[functions] Got req.url=/my-sample-project-tamil/us-central1/api/user/123, mapping to path=/user/123"}}
[debug] [2023-02-28T11:43:59.333Z] [worker-pool] addWorker(us-central1-api) {"metadata":{"emulator":{"name":"functions"},"message":"[worker-pool] addWorker(us-central1-api)"}}
[debug] [2023-02-28T11:43:59.334Z] [worker-pool] Adding worker with key us-central1-api, total=1 {"metadata":{"emulator":{"name":"functions"},"message":"[worker-pool] Adding worker with key us-central1-api, total=1"}}
[debug] [2023-02-28T11:44:00.969Z] [runtime-status] [26920] Resolved module firebase-admin {"declared":true,"installed":true,"version":"11.5.0","resolution":"C:\\Users\\jega4\\Gitrepo\\clubmithra\\server\\functions\\node_modules\\firebase-admin\\lib\\index.js"} {"metadata":{"emulator":{"name":"functions"},"function":{"name":"us-central1-api"},"extension":{},"message":"[runtime-status] [26920] Resolved module firebase-admin {\"declared\":true,\"installed\":true,\"version\":\"11.5.0\",\"resolution\":\"C:\\\\Users\\\\jega4\\\\Gitrepo\\\\clubmithra\\\\server\\\\functions\\\\node_modules\\\\firebase-admin\\\\lib\\\\index.js\"}"}}
[debug] [2023-02-28T11:44:00.971Z] [runtime-status] [26920] Resolved module firebase-functions {"declared":true,"installed":true,"version":"4.2.1","resolution":"C:\\Users\\jega4\\Gitrepo\\clubmithra\\server\\functions\\node_modules\\firebase-functions\\lib\\v1\\index.js"} {"metadata":{"emulator":{"name":"functions"},"function":{"name":"us-central1-api"},"extension":{},"message":"[runtime-status] [26920] Resolved module firebase-functions {\"declared\":true,\"installed\":true,\"version\":\"4.2.1\",\"resolution\":\"C:\\\\Users\\\\jega4\\\\Gitrepo\\\\clubmithra\\\\server\\\\functions\\\\node_modules\\\\firebase-functions\\\\lib\\\\v1\\\\index.js\"}"}}
[debug] [2023-02-28T11:44:00.971Z] [runtime-status] [26920] Outgoing network have been stubbed. [{"name":"http","status":"mocked"},{"name":"http","status":"mocked"},{"name":"https","status":"mocked"},{"name":"https","status":"mocked"},{"name":"net","status":"mocked"}] {"metadata":{"emulator":{"name":"functions"},"function":{"name":"us-central1-api"},"extension":{},"message":"[runtime-status] [26920] Outgoing network have been stubbed. [{\"name\":\"http\",\"status\":\"mocked\"},{\"name\":\"http\",\"status\":\"mocked\"},{\"name\":\"https\",\"status\":\"mocked\"},{\"name\":\"https\",\"status\":\"mocked\"},{\"name\":\"net\",\"status\":\"mocked\"}]"}}
[debug] [2023-02-28T11:44:00.973Z] [runtime-status] [26920] Resolved module firebase-functions {"declared":true,"installed":true,"version":"4.2.1","resolution":"C:\\Users\\jega4\\Gitrepo\\clubmithra\\server\\functions\\node_modules\\firebase-functions\\lib\\v1\\index.js"} {"metadata":{"emulator":{"name":"functions"},"function":{"name":"us-central1-api"},"extension":{},"message":"[runtime-status] [26920] Resolved module firebase-functions {\"declared\":true,\"installed\":true,\"version\":\"4.2.1\",\"resolution\":\"C:\\\\Users\\\\jega4\\\\Gitrepo\\\\clubmithra\\\\server\\\\functions\\\\node_modules\\\\firebase-functions\\\\lib\\\\v1\\\\index.js\"}"}}
[debug] [2023-02-28T11:44:01.290Z] [runtime-status] [26920] Checked functions.config() {"config":{}} {"metadata":{"emulator":{"name":"functions"},"function":{"name":"us-central1-api"},"extension":{},"message":"[runtime-status] [26920] Checked functions.config() {\"config\":{}}"}}
[debug] [2023-02-28T11:44:01.290Z] [runtime-status] [26920] firebase-functions has been stubbed. {"functionsResolution":{"declared":true,"installed":true,"version":"4.2.1","resolution":"C:\\Users\\jega4\\Gitrepo\\clubmithra\\server\\functions\\node_modules\\firebase-functions\\lib\\v1\\index.js"}} {"metadata":{"emulator":{"name":"functions"},"function":{"name":"us-central1-api"},"extension":{},"message":"[runtime-status] [26920] firebase-functions has been stubbed. {\"functionsResolution\":{\"declared\":true,\"installed\":true,\"version\":\"4.2.1\",\"resolution\":\"C:\\\\Users\\\\jega4\\\\Gitrepo\\\\clubmithra\\\\server\\\\functions\\\\node_modules\\\\firebase-functions\\\\lib\\\\v1\\\\index.js\"}}"}}
[debug] [2023-02-28T11:44:01.291Z] [runtime-status] [26920] Resolved module firebase-functions {"declared":true,"installed":true,"version":"4.2.1","resolution":"C:\\Users\\jega4\\Gitrepo\\clubmithra\\server\\functions\\node_modules\\firebase-functions\\lib\\v1\\index.js"} {"metadata":{"emulator":{"name":"functions"},"function":{"name":"us-central1-api"},"extension":{},"message":"[runtime-status] [26920] Resolved module firebase-functions {\"declared\":true,\"installed\":true,\"version\":\"4.2.1\",\"resolution\":\"C:\\\\Users\\\\jega4\\\\Gitrepo\\\\clubmithra\\\\server\\\\functions\\\\node_modules\\\\firebase-functions\\\\lib\\\\v1\\\\index.js\"}"}}
[debug] [2023-02-28T11:44:01.293Z] [runtime-status] [26920] Resolved module firebase-admin {"declared":true,"installed":true,"version":"11.5.0","resolution":"C:\\Users\\jega4\\Gitrepo\\clubmithra\\server\\functions\\node_modules\\firebase-admin\\lib\\index.js"} {"metadata":{"emulator":{"name":"functions"},"function":{"name":"us-central1-api"},"extension":{},"message":"[runtime-status] [26920] Resolved module firebase-admin {\"declared\":true,\"installed\":true,\"version\":\"11.5.0\",\"resolution\":\"C:\\\\Users\\\\jega4\\\\Gitrepo\\\\clubmithra\\\\server\\\\functions\\\\node_modules\\\\firebase-admin\\\\lib\\\\index.js\"}"}}
[debug] [2023-02-28T11:44:01.296Z] [runtime-status] [26920] Resolved module firebase-functions {"declared":true,"installed":true,"version":"4.2.1","resolution":"C:\\Users\\jega4\\Gitrepo\\clubmithra\\server\\functions\\node_modules\\firebase-functions\\lib\\v1\\index.js"} {"metadata":{"emulator":{"name":"functions"},"function":{"name":"us-central1-api"},"extension":{},"message":"[runtime-status] [26920] Resolved module firebase-functions {\"declared\":true,\"installed\":true,\"version\":\"4.2.1\",\"resolution\":\"C:\\\\Users\\\\jega4\\\\Gitrepo\\\\clubmithra\\\\server\\\\functions\\\\node_modules\\\\firebase-functions\\\\lib\\\\v1\\\\index.js\"}"}}
[debug] [2023-02-28T11:44:01.296Z] [runtime-status] [26920] firebase-admin has been stubbed. {"adminResolution":{"declared":true,"installed":true,"version":"11.5.0","resolution":"C:\\Users\\jega4\\Gitrepo\\clubmithra\\server\\functions\\node_modules\\firebase-admin\\lib\\index.js"}} {"metadata":{"emulator":{"name":"functions"},"function":{"name":"us-central1-api"},"extension":{},"message":"[runtime-status] [26920] firebase-admin has been stubbed. {\"adminResolution\":{\"declared\":true,\"installed\":true,\"version\":\"11.5.0\",\"resolution\":\"C:\\\\Users\\\\jega4\\\\Gitrepo\\\\clubmithra\\\\server\\\\functions\\\\node_modules\\\\firebase-admin\\\\lib\\\\index.js\"}}"}}
[debug] [2023-02-28T11:44:01.444Z] [runtime-status] [26920] initializeApp(DEFAULT) {"storageBucket":"my-sample-project-tamil.appspot.com","projectId":"my-sample-project-tamil"} {"metadata":{"emulator":{"name":"functions"},"function":{"name":"us-central1-api"},"extension":{},"message":"[runtime-status] [26920] initializeApp(DEFAULT) {\"storageBucket\":\"my-sample-project-tamil.appspot.com\",\"projectId\":\"my-sample-project-tamil\"}"}}
[debug] [2023-02-28T11:44:01.452Z] [runtime-status] [26920] Functions runtime initialized. {"cwd":"C:\\Users\\jega4\\Gitrepo\\clubmithra\\server\\functions","node_version":"16.17.1"} {"metadata":{"emulator":{"name":"functions"},"function":{"name":"us-central1-api"},"extension":{},"message":"[runtime-status] [26920] Functions runtime initialized. {\"cwd\":\"C:\\\\Users\\\\jega4\\\\Gitrepo\\\\clubmithra\\\\server\\\\functions\",\"node_version\":\"16.17.1\"}"}}
[debug] [2023-02-28T11:44:01.453Z] [runtime-status] [26920] Listening to port: \\?\pipe\fire_emu_1995c9f2c2b57c01 {"metadata":{"emulator":{"name":"functions"},"function":{"name":"us-central1-api"},"extension":{},"message":"[runtime-status] [26920] Listening to port: \\\\?\\pipe\\fire_emu_1995c9f2c2b57c01"}}
[debug] [2023-02-28T11:44:01.518Z] [worker-us-central1-api-06bd0585-f5f0-44b4-a5b6-8f3d433f8477]: IDLE {"metadata":{"emulator":{"name":"functions"},"function":{"name":"us-central1-api"},"extension":{},"message":"[worker-us-central1-api-06bd0585-f5f0-44b4-a5b6-8f3d433f8477]: IDLE"}}
[debug] [2023-02-28T11:44:01.519Z] [worker-pool] submitRequest(triggerId=us-central1-api) {"metadata":{"emulator":{"name":"functions"},"message":"[worker-pool] submitRequest(triggerId=us-central1-api)"}}
[info] i  functions: Beginning execution of "us-central1-api" {"metadata":{"emulator":{"name":"functions"},"function":{"name":"us-central1-api"},"extension":{},"message":"Beginning execution of \"us-central1-api\""}}
[debug] [2023-02-28T11:44:01.520Z] [worker-us-central1-api-06bd0585-f5f0-44b4-a5b6-8f3d433f8477]: BUSY {"metadata":{"emulator":{"name":"functions"},"function":{"name":"us-central1-api"},"extension":{},"message":"[worker-us-central1-api-06bd0585-f5f0-44b4-a5b6-8f3d433f8477]: BUSY"}}
[info] i  functions: Finished "us-central1-api" in 12.4603ms {"metadata":{"emulator":{"name":"functions"},"function":{"name":"us-central1-api"},"extension":{},"message":"Finished \"us-central1-api\" in 12.4603ms"}}
[debug] [2023-02-28T11:44:01.534Z] [worker-us-central1-api-06bd0585-f5f0-44b4-a5b6-8f3d433f8477]: IDLE {"metadata":{"emulator":{"name":"functions"},"function":{"name":"us-central1-api"},"extension":{},"message":"[worker-us-central1-api-06bd0585-f5f0-44b4-a5b6-8f3d433f8477]: IDLE"}}
[debug] [2023-02-28T11:44:01.534Z] [work-queue] {"queuedWork":[],"queueLength":0,"runningWork":[],"workRunningCount":0}
[debug] [2023-02-28T11:45:58.941Z] [work-queue] {"queuedWork":["/my-sample-project-tamil/us-central1/api/user-2023-02-28T11:45:58.941Z"],"queueLength":1,"runningWork":[],"workRunningCount":0}
[debug] [2023-02-28T11:45:58.941Z] [work-queue] {"queuedWork":[],"queueLength":0,"runningWork":["/my-sample-project-tamil/us-central1/api/user-2023-02-28T11:45:58.941Z"],"workRunningCount":1}
[debug] [2023-02-28T11:45:58.941Z] Accepted request POST /my-sample-project-tamil/us-central1/api/user --> us-central1-api
[debug] [2023-02-28T11:45:58.944Z] [functions] Runtime ready! Sending request! {"metadata":{"emulator":{"name":"functions"},"message":"[functions] Runtime ready! Sending request!"}}
[debug] [2023-02-28T11:45:58.944Z] [functions] Got req.url=/my-sample-project-tamil/us-central1/api/user, mapping to path=/user {"metadata":{"emulator":{"name":"functions"},"message":"[functions] Got req.url=/my-sample-project-tamil/us-central1/api/user, mapping to path=/user"}}
[debug] [2023-02-28T11:45:58.944Z] [worker-pool] submitRequest(triggerId=us-central1-api) {"metadata":{"emulator":{"name":"functions"},"message":"[worker-pool] submitRequest(triggerId=us-central1-api)"}}
[info] i  functions: Beginning execution of "us-central1-api" {"metadata":{"emulator":{"name":"functions"},"function":{"name":"us-central1-api"},"extension":{},"message":"Beginning execution of \"us-central1-api\""}}
[debug] [2023-02-28T11:45:58.945Z] [worker-us-central1-api-06bd0585-f5f0-44b4-a5b6-8f3d433f8477]: BUSY {"metadata":{"emulator":{"name":"functions"},"function":{"name":"us-central1-api"},"extension":{},"message":"[worker-us-central1-api-06bd0585-f5f0-44b4-a5b6-8f3d433f8477]: BUSY"}}
[info] i  functions: Finished "us-central1-api" in 782.812ms {"metadata":{"emulator":{"name":"functions"},"function":{"name":"us-central1-api"},"extension":{},"message":"Finished \"us-central1-api\" in 782.812ms"}}
[debug] [2023-02-28T11:45:59.729Z] [worker-us-central1-api-06bd0585-f5f0-44b4-a5b6-8f3d433f8477]: IDLE {"metadata":{"emulator":{"name":"functions"},"function":{"name":"us-central1-api"},"extension":{},"message":"[worker-us-central1-api-06bd0585-f5f0-44b4-a5b6-8f3d433f8477]: IDLE"}}
[debug] [2023-02-28T11:45:59.730Z] [work-queue] {"queuedWork":[],"queueLength":0,"runningWork":[],"workRunningCount":0}
[debug] [2023-02-28T11:47:07.823Z] [work-queue] {"queuedWork":["/my-sample-project-tamil/us-central1/api/user-2023-02-28T11:47:07.823Z"],"queueLength":1,"runningWork":[],"workRunningCount":0}
[debug] [2023-02-28T11:47:07.823Z] [work-queue] {"queuedWork":[],"queueLength":0,"runningWork":["/my-sample-project-tamil/us-central1/api/user-2023-02-28T11:47:07.823Z"],"workRunningCount":1}
[debug] [2023-02-28T11:47:07.824Z] Accepted request GET /my-sample-project-tamil/us-central1/api/user --> us-central1-api
[debug] [2023-02-28T11:47:07.827Z] [functions] Runtime ready! Sending request! {"metadata":{"emulator":{"name":"functions"},"message":"[functions] Runtime ready! Sending request!"}}
[debug] [2023-02-28T11:47:07.828Z] [functions] Got req.url=/my-sample-project-tamil/us-central1/api/user, mapping to path=/user {"metadata":{"emulator":{"name":"functions"},"message":"[functions] Got req.url=/my-sample-project-tamil/us-central1/api/user, mapping to path=/user"}}
[debug] [2023-02-28T11:47:07.828Z] [worker-pool] submitRequest(triggerId=us-central1-api) {"metadata":{"emulator":{"name":"functions"},"message":"[worker-pool] submitRequest(triggerId=us-central1-api)"}}
[info] i  functions: Beginning execution of "us-central1-api" {"metadata":{"emulator":{"name":"functions"},"function":{"name":"us-central1-api"},"extension":{},"message":"Beginning execution of \"us-central1-api\""}}
[debug] [2023-02-28T11:47:07.829Z] [worker-us-central1-api-06bd0585-f5f0-44b4-a5b6-8f3d433f8477]: BUSY {"metadata":{"emulator":{"name":"functions"},"function":{"name":"us-central1-api"},"extension":{},"message":"[worker-us-central1-api-06bd0585-f5f0-44b4-a5b6-8f3d433f8477]: BUSY"}}
[info] i  functions: Finished "us-central1-api" in 45.6194ms {"metadata":{"emulator":{"name":"functions"},"function":{"name":"us-central1-api"},"extension":{},"message":"Finished \"us-central1-api\" in 45.6194ms"}}
[debug] [2023-02-28T11:47:07.875Z] [worker-us-central1-api-06bd0585-f5f0-44b4-a5b6-8f3d433f8477]: IDLE {"metadata":{"emulator":{"name":"functions"},"function":{"name":"us-central1-api"},"extension":{},"message":"[worker-us-central1-api-06bd0585-f5f0-44b4-a5b6-8f3d433f8477]: IDLE"}}
[debug] [2023-02-28T11:47:07.876Z] [work-queue] {"queuedWork":[],"queueLength":0,"runningWork":[],"workRunningCount":0}
[debug] [2023-02-28T11:47:29.044Z] [work-queue] {"queuedWork":["/my-sample-project-tamil/us-central1/api/user/IbYUJISpHa3pTqPvY4XY-2023-02-28T11:47:29.044Z"],"queueLength":1,"runningWork":[],"workRunningCount":0}
[debug] [2023-02-28T11:47:29.044Z] [work-queue] {"queuedWork":[],"queueLength":0,"runningWork":["/my-sample-project-tamil/us-central1/api/user/IbYUJISpHa3pTqPvY4XY-2023-02-28T11:47:29.044Z"],"workRunningCount":1}
[debug] [2023-02-28T11:47:29.044Z] Accepted request DELETE /my-sample-project-tamil/us-central1/api/user/IbYUJISpHa3pTqPvY4XY --> us-central1-api
[debug] [2023-02-28T11:47:29.048Z] [functions] Runtime ready! Sending request! {"metadata":{"emulator":{"name":"functions"},"message":"[functions] Runtime ready! Sending request!"}}
[debug] [2023-02-28T11:47:29.048Z] [functions] Got req.url=/my-sample-project-tamil/us-central1/api/user/IbYUJISpHa3pTqPvY4XY, mapping to path=/user/IbYUJISpHa3pTqPvY4XY {"metadata":{"emulator":{"name":"functions"},"message":"[functions] Got req.url=/my-sample-project-tamil/us-central1/api/user/IbYUJISpHa3pTqPvY4XY, mapping to path=/user/IbYUJISpHa3pTqPvY4XY"}}
[debug] [2023-02-28T11:47:29.048Z] [worker-pool] submitRequest(triggerId=us-central1-api) {"metadata":{"emulator":{"name":"functions"},"message":"[worker-pool] submitRequest(triggerId=us-central1-api)"}}
[info] i  functions: Beginning execution of "us-central1-api" {"metadata":{"emulator":{"name":"functions"},"function":{"name":"us-central1-api"},"extension":{},"message":"Beginning execution of \"us-central1-api\""}}
[debug] [2023-02-28T11:47:29.049Z] [worker-us-central1-api-06bd0585-f5f0-44b4-a5b6-8f3d433f8477]: BUSY {"metadata":{"emulator":{"name":"functions"},"function":{"name":"us-central1-api"},"extension":{},"message":"[worker-us-central1-api-06bd0585-f5f0-44b4-a5b6-8f3d433f8477]: BUSY"}}
[info] i  functions: Finished "us-central1-api" in 5.3511ms {"metadata":{"emulator":{"name":"functions"},"function":{"name":"us-central1-api"},"extension":{},"message":"Finished \"us-central1-api\" in 5.3511ms"}}
[debug] [2023-02-28T11:47:29.056Z] [worker-us-central1-api-06bd0585-f5f0-44b4-a5b6-8f3d433f8477]: IDLE {"metadata":{"emulator":{"name":"functions"},"function":{"name":"us-central1-api"},"extension":{},"message":"[worker-us-central1-api-06bd0585-f5f0-44b4-a5b6-8f3d433f8477]: IDLE"}}
[debug] [2023-02-28T11:47:29.056Z] [work-queue] {"queuedWork":[],"queueLength":0,"runningWork":[],"workRunningCount":0}
[debug] [2023-02-28T11:47:31.448Z] [work-queue] {"queuedWork":["/my-sample-project-tamil/us-central1/api/user/IbYUJISpHa3pTqPvY4XY-2023-02-28T11:47:31.448Z"],"queueLength":1,"runningWork":[],"workRunningCount":0}
[debug] [2023-02-28T11:47:31.448Z] [work-queue] {"queuedWork":[],"queueLength":0,"runningWork":["/my-sample-project-tamil/us-central1/api/user/IbYUJISpHa3pTqPvY4XY-2023-02-28T11:47:31.448Z"],"workRunningCount":1}
[debug] [2023-02-28T11:47:31.448Z] Accepted request DELETE /my-sample-project-tamil/us-central1/api/user/IbYUJISpHa3pTqPvY4XY --> us-central1-api
[debug] [2023-02-28T11:47:31.451Z] [functions] Runtime ready! Sending request! {"metadata":{"emulator":{"name":"functions"},"message":"[functions] Runtime ready! Sending request!"}}
[debug] [2023-02-28T11:47:31.452Z] [functions] Got req.url=/my-sample-project-tamil/us-central1/api/user/IbYUJISpHa3pTqPvY4XY, mapping to path=/user/IbYUJISpHa3pTqPvY4XY {"metadata":{"emulator":{"name":"functions"},"message":"[functions] Got req.url=/my-sample-project-tamil/us-central1/api/user/IbYUJISpHa3pTqPvY4XY, mapping to path=/user/IbYUJISpHa3pTqPvY4XY"}}
[debug] [2023-02-28T11:47:31.452Z] [worker-pool] submitRequest(triggerId=us-central1-api) {"metadata":{"emulator":{"name":"functions"},"message":"[worker-pool] submitRequest(triggerId=us-central1-api)"}}
[info] i  functions: Beginning execution of "us-central1-api" {"metadata":{"emulator":{"name":"functions"},"function":{"name":"us-central1-api"},"extension":{},"message":"Beginning execution of \"us-central1-api\""}}
[debug] [2023-02-28T11:47:31.452Z] [worker-us-central1-api-06bd0585-f5f0-44b4-a5b6-8f3d433f8477]: BUSY {"metadata":{"emulator":{"name":"functions"},"function":{"name":"us-central1-api"},"extension":{},"message":"[worker-us-central1-api-06bd0585-f5f0-44b4-a5b6-8f3d433f8477]: BUSY"}}
[info] i  functions: Finished "us-central1-api" in 2.8956ms {"metadata":{"emulator":{"name":"functions"},"function":{"name":"us-central1-api"},"extension":{},"message":"Finished \"us-central1-api\" in 2.8956ms"}}
[debug] [2023-02-28T11:47:31.456Z] [worker-us-central1-api-06bd0585-f5f0-44b4-a5b6-8f3d433f8477]: IDLE {"metadata":{"emulator":{"name":"functions"},"function":{"name":"us-central1-api"},"extension":{},"message":"[worker-us-central1-api-06bd0585-f5f0-44b4-a5b6-8f3d433f8477]: IDLE"}}
[debug] [2023-02-28T11:47:31.456Z] [work-queue] {"queuedWork":[],"queueLength":0,"runningWork":[],"workRunningCount":0}
[debug] [2023-02-28T11:47:32.936Z] [work-queue] {"queuedWork":["/my-sample-project-tamil/us-central1/api/user/IbYUJISpHa3pTqPvY4XY-2023-02-28T11:47:32.936Z"],"queueLength":1,"runningWork":[],"workRunningCount":0}
[debug] [2023-02-28T11:47:32.936Z] [work-queue] {"queuedWork":[],"queueLength":0,"runningWork":["/my-sample-project-tamil/us-central1/api/user/IbYUJISpHa3pTqPvY4XY-2023-02-28T11:47:32.936Z"],"workRunningCount":1}
[debug] [2023-02-28T11:47:32.936Z] Accepted request DELETE /my-sample-project-tamil/us-central1/api/user/IbYUJISpHa3pTqPvY4XY --> us-central1-api
[debug] [2023-02-28T11:47:32.939Z] [functions] Runtime ready! Sending request! {"metadata":{"emulator":{"name":"functions"},"message":"[functions] Runtime ready! Sending request!"}}
[debug] [2023-02-28T11:47:32.939Z] [functions] Got req.url=/my-sample-project-tamil/us-central1/api/user/IbYUJISpHa3pTqPvY4XY, mapping to path=/user/IbYUJISpHa3pTqPvY4XY {"metadata":{"emulator":{"name":"functions"},"message":"[functions] Got req.url=/my-sample-project-tamil/us-central1/api/user/IbYUJISpHa3pTqPvY4XY, mapping to path=/user/IbYUJISpHa3pTqPvY4XY"}}
[debug] [2023-02-28T11:47:32.939Z] [worker-pool] submitRequest(triggerId=us-central1-api) {"metadata":{"emulator":{"name":"functions"},"message":"[worker-pool] submitRequest(triggerId=us-central1-api)"}}
[info] i  functions: Beginning execution of "us-central1-api" {"metadata":{"emulator":{"name":"functions"},"function":{"name":"us-central1-api"},"extension":{},"message":"Beginning execution of \"us-central1-api\""}}
[debug] [2023-02-28T11:47:32.940Z] [worker-us-central1-api-06bd0585-f5f0-44b4-a5b6-8f3d433f8477]: BUSY {"metadata":{"emulator":{"name":"functions"},"function":{"name":"us-central1-api"},"extension":{},"message":"[worker-us-central1-api-06bd0585-f5f0-44b4-a5b6-8f3d433f8477]: BUSY"}}
[info] i  functions: Finished "us-central1-api" in 3.688ms {"metadata":{"emulator":{"name":"functions"},"function":{"name":"us-central1-api"},"extension":{},"message":"Finished \"us-central1-api\" in 3.688ms"}}
[debug] [2023-02-28T11:47:32.944Z] [worker-us-central1-api-06bd0585-f5f0-44b4-a5b6-8f3d433f8477]: IDLE {"metadata":{"emulator":{"name":"functions"},"function":{"name":"us-central1-api"},"extension":{},"message":"[worker-us-central1-api-06bd0585-f5f0-44b4-a5b6-8f3d433f8477]: IDLE"}}
[debug] [2023-02-28T11:47:32.945Z] [work-queue] {"queuedWork":[],"queueLength":0,"runningWork":[],"workRunningCount":0}
[debug] [2023-02-28T11:47:34.201Z] [work-queue] {"queuedWork":["/my-sample-project-tamil/us-central1/api/user/IbYUJISpHa3pTqPvY4XY-2023-02-28T11:47:34.201Z"],"queueLength":1,"runningWork":[],"workRunningCount":0}
[debug] [2023-02-28T11:47:34.202Z] [work-queue] {"queuedWork":[],"queueLength":0,"runningWork":["/my-sample-project-tamil/us-central1/api/user/IbYUJISpHa3pTqPvY4XY-2023-02-28T11:47:34.201Z"],"workRunningCount":1}
[debug] [2023-02-28T11:47:34.202Z] Accepted request DELETE /my-sample-project-tamil/us-central1/api/user/IbYUJISpHa3pTqPvY4XY --> us-central1-api
[debug] [2023-02-28T11:47:34.204Z] [functions] Runtime ready! Sending request! {"metadata":{"emulator":{"name":"functions"},"message":"[functions] Runtime ready! Sending request!"}}
[debug] [2023-02-28T11:47:34.204Z] [functions] Got req.url=/my-sample-project-tamil/us-central1/api/user/IbYUJISpHa3pTqPvY4XY, mapping to path=/user/IbYUJISpHa3pTqPvY4XY {"metadata":{"emulator":{"name":"functions"},"message":"[functions] Got req.url=/my-sample-project-tamil/us-central1/api/user/IbYUJISpHa3pTqPvY4XY, mapping to path=/user/IbYUJISpHa3pTqPvY4XY"}}
[debug] [2023-02-28T11:47:34.204Z] [worker-pool] submitRequest(triggerId=us-central1-api) {"metadata":{"emulator":{"name":"functions"},"message":"[worker-pool] submitRequest(triggerId=us-central1-api)"}}
[info] i  functions: Beginning execution of "us-central1-api" {"metadata":{"emulator":{"name":"functions"},"function":{"name":"us-central1-api"},"extension":{},"message":"Beginning execution of \"us-central1-api\""}}
[debug] [2023-02-28T11:47:34.205Z] [worker-us-central1-api-06bd0585-f5f0-44b4-a5b6-8f3d433f8477]: BUSY {"metadata":{"emulator":{"name":"functions"},"function":{"name":"us-central1-api"},"extension":{},"message":"[worker-us-central1-api-06bd0585-f5f0-44b4-a5b6-8f3d433f8477]: BUSY"}}
[info] i  functions: Finished "us-central1-api" in 2.1333ms {"metadata":{"emulator":{"name":"functions"},"function":{"name":"us-central1-api"},"extension":{},"message":"Finished \"us-central1-api\" in 2.1333ms"}}
[debug] [2023-02-28T11:47:34.208Z] [worker-us-central1-api-06bd0585-f5f0-44b4-a5b6-8f3d433f8477]: IDLE {"metadata":{"emulator":{"name":"functions"},"function":{"name":"us-central1-api"},"extension":{},"message":"[worker-us-central1-api-06bd0585-f5f0-44b4-a5b6-8f3d433f8477]: IDLE"}}
[debug] [2023-02-28T11:47:34.208Z] [work-queue] {"queuedWork":[],"queueLength":0,"runningWork":[],"workRunningCount":0}
[debug] [2023-02-28T11:47:35.380Z] [work-queue] {"queuedWork":["/my-sample-project-tamil/us-central1/api/user/IbYUJISpHa3pTqPvY4XY-2023-02-28T11:47:35.380Z"],"queueLength":1,"runningWork":[],"workRunningCount":0}
[debug] [2023-02-28T11:47:35.380Z] [work-queue] {"queuedWork":[],"queueLength":0,"runningWork":["/my-sample-project-tamil/us-central1/api/user/IbYUJISpHa3pTqPvY4XY-2023-02-28T11:47:35.380Z"],"workRunningCount":1}
[debug] [2023-02-28T11:47:35.380Z] Accepted request DELETE /my-sample-project-tamil/us-central1/api/user/IbYUJISpHa3pTqPvY4XY --> us-central1-api
[debug] [2023-02-28T11:47:35.383Z] [functions] Runtime ready! Sending request! {"metadata":{"emulator":{"name":"functions"},"message":"[functions] Runtime ready! Sending request!"}}
[debug] [2023-02-28T11:47:35.383Z] [functions] Got req.url=/my-sample-project-tamil/us-central1/api/user/IbYUJISpHa3pTqPvY4XY, mapping to path=/user/IbYUJISpHa3pTqPvY4XY {"metadata":{"emulator":{"name":"functions"},"message":"[functions] Got req.url=/my-sample-project-tamil/us-central1/api/user/IbYUJISpHa3pTqPvY4XY, mapping to path=/user/IbYUJISpHa3pTqPvY4XY"}}
[debug] [2023-02-28T11:47:35.383Z] [worker-pool] submitRequest(triggerId=us-central1-api) {"metadata":{"emulator":{"name":"functions"},"message":"[worker-pool] submitRequest(triggerId=us-central1-api)"}}
[info] i  functions: Beginning execution of "us-central1-api" {"metadata":{"emulator":{"name":"functions"},"function":{"name":"us-central1-api"},"extension":{},"message":"Beginning execution of \"us-central1-api\""}}
[debug] [2023-02-28T11:47:35.384Z] [worker-us-central1-api-06bd0585-f5f0-44b4-a5b6-8f3d433f8477]: BUSY {"metadata":{"emulator":{"name":"functions"},"function":{"name":"us-central1-api"},"extension":{},"message":"[worker-us-central1-api-06bd0585-f5f0-44b4-a5b6-8f3d433f8477]: BUSY"}}
[info] i  functions: Finished "us-central1-api" in 2.7877ms {"metadata":{"emulator":{"name":"functions"},"function":{"name":"us-central1-api"},"extension":{},"message":"Finished \"us-central1-api\" in 2.7877ms"}}
[debug] [2023-02-28T11:47:35.387Z] [worker-us-central1-api-06bd0585-f5f0-44b4-a5b6-8f3d433f8477]: IDLE {"metadata":{"emulator":{"name":"functions"},"function":{"name":"us-central1-api"},"extension":{},"message":"[worker-us-central1-api-06bd0585-f5f0-44b4-a5b6-8f3d433f8477]: IDLE"}}
[debug] [2023-02-28T11:47:35.388Z] [work-queue] {"queuedWork":[],"queueLength":0,"runningWork":[],"workRunningCount":0}
[debug] [2023-02-28T11:47:36.582Z] [work-queue] {"queuedWork":["/my-sample-project-tamil/us-central1/api/user/IbYUJISpHa3pTqPvY4XY-2023-02-28T11:47:36.582Z"],"queueLength":1,"runningWork":[],"workRunningCount":0}
[debug] [2023-02-28T11:47:36.583Z] [work-queue] {"queuedWork":[],"queueLength":0,"runningWork":["/my-sample-project-tamil/us-central1/api/user/IbYUJISpHa3pTqPvY4XY-2023-02-28T11:47:36.582Z"],"workRunningCount":1}
[debug] [2023-02-28T11:47:36.583Z] Accepted request DELETE /my-sample-project-tamil/us-central1/api/user/IbYUJISpHa3pTqPvY4XY --> us-central1-api
[debug] [2023-02-28T11:47:36.585Z] [functions] Runtime ready! Sending request! {"metadata":{"emulator":{"name":"functions"},"message":"[functions] Runtime ready! Sending request!"}}
[debug] [2023-02-28T11:47:36.585Z] [functions] Got req.url=/my-sample-project-tamil/us-central1/api/user/IbYUJISpHa3pTqPvY4XY, mapping to path=/user/IbYUJISpHa3pTqPvY4XY {"metadata":{"emulator":{"name":"functions"},"message":"[functions] Got req.url=/my-sample-project-tamil/us-central1/api/user/IbYUJISpHa3pTqPvY4XY, mapping to path=/user/IbYUJISpHa3pTqPvY4XY"}}
[debug] [2023-02-28T11:47:36.585Z] [worker-pool] submitRequest(triggerId=us-central1-api) {"metadata":{"emulator":{"name":"functions"},"message":"[worker-pool] submitRequest(triggerId=us-central1-api)"}}
[info] i  functions: Beginning execution of "us-central1-api" {"metadata":{"emulator":{"name":"functions"},"function":{"name":"us-central1-api"},"extension":{},"message":"Beginning execution of \"us-central1-api\""}}
[debug] [2023-02-28T11:47:36.586Z] [worker-us-central1-api-06bd0585-f5f0-44b4-a5b6-8f3d433f8477]: BUSY {"metadata":{"emulator":{"name":"functions"},"function":{"name":"us-central1-api"},"extension":{},"message":"[worker-us-central1-api-06bd0585-f5f0-44b4-a5b6-8f3d433f8477]: BUSY"}}
[info] i  functions: Finished "us-central1-api" in 2.7745ms {"metadata":{"emulator":{"name":"functions"},"function":{"name":"us-central1-api"},"extension":{},"message":"Finished \"us-central1-api\" in 2.7745ms"}}
[debug] [2023-02-28T11:47:36.590Z] [worker-us-central1-api-06bd0585-f5f0-44b4-a5b6-8f3d433f8477]: IDLE {"metadata":{"emulator":{"name":"functions"},"function":{"name":"us-central1-api"},"extension":{},"message":"[worker-us-central1-api-06bd0585-f5f0-44b4-a5b6-8f3d433f8477]: IDLE"}}
[debug] [2023-02-28T11:47:36.590Z] [work-queue] {"queuedWork":[],"queueLength":0,"runningWork":[],"workRunningCount":0}
[debug] [2023-02-28T11:47:37.535Z] [work-queue] {"queuedWork":["/my-sample-project-tamil/us-central1/api/user/IbYUJISpHa3pTqPvY4XY-2023-02-28T11:47:37.535Z"],"queueLength":1,"runningWork":[],"workRunningCount":0}
[debug] [2023-02-28T11:47:37.535Z] [work-queue] {"queuedWork":[],"queueLength":0,"runningWork":["/my-sample-project-tamil/us-central1/api/user/IbYUJISpHa3pTqPvY4XY-2023-02-28T11:47:37.535Z"],"workRunningCount":1}
[debug] [2023-02-28T11:47:37.535Z] Accepted request DELETE /my-sample-project-tamil/us-central1/api/user/IbYUJISpHa3pTqPvY4XY --> us-central1-api
[debug] [2023-02-28T11:47:37.538Z] [functions] Runtime ready! Sending request! {"metadata":{"emulator":{"name":"functions"},"message":"[functions] Runtime ready! Sending request!"}}
[debug] [2023-02-28T11:47:37.538Z] [functions] Got req.url=/my-sample-project-tamil/us-central1/api/user/IbYUJISpHa3pTqPvY4XY, mapping to path=/user/IbYUJISpHa3pTqPvY4XY {"metadata":{"emulator":{"name":"functions"},"message":"[functions] Got req.url=/my-sample-project-tamil/us-central1/api/user/IbYUJISpHa3pTqPvY4XY, mapping to path=/user/IbYUJISpHa3pTqPvY4XY"}}
[debug] [2023-02-28T11:47:37.538Z] [worker-pool] submitRequest(triggerId=us-central1-api) {"metadata":{"emulator":{"name":"functions"},"message":"[worker-pool] submitRequest(triggerId=us-central1-api)"}}
[info] i  functions: Beginning execution of "us-central1-api" {"metadata":{"emulator":{"name":"functions"},"function":{"name":"us-central1-api"},"extension":{},"message":"Beginning execution of \"us-central1-api\""}}
[debug] [2023-02-28T11:47:37.539Z] [worker-us-central1-api-06bd0585-f5f0-44b4-a5b6-8f3d433f8477]: BUSY {"metadata":{"emulator":{"name":"functions"},"function":{"name":"us-central1-api"},"extension":{},"message":"[worker-us-central1-api-06bd0585-f5f0-44b4-a5b6-8f3d433f8477]: BUSY"}}
[info] i  functions: Finished "us-central1-api" in 2.5504ms {"metadata":{"emulator":{"name":"functions"},"function":{"name":"us-central1-api"},"extension":{},"message":"Finished \"us-central1-api\" in 2.5504ms"}}
[debug] [2023-02-28T11:47:37.542Z] [worker-us-central1-api-06bd0585-f5f0-44b4-a5b6-8f3d433f8477]: IDLE {"metadata":{"emulator":{"name":"functions"},"function":{"name":"us-central1-api"},"extension":{},"message":"[worker-us-central1-api-06bd0585-f5f0-44b4-a5b6-8f3d433f8477]: IDLE"}}
[debug] [2023-02-28T11:47:37.543Z] [work-queue] {"queuedWork":[],"queueLength":0,"runningWork":[],"workRunningCount":0}
[debug] [2023-02-28T11:47:38.450Z] [work-queue] {"queuedWork":["/my-sample-project-tamil/us-central1/api/user/IbYUJISpHa3pTqPvY4XY-2023-02-28T11:47:38.450Z"],"queueLength":1,"runningWork":[],"workRunningCount":0}
[debug] [2023-02-28T11:47:38.450Z] [work-queue] {"queuedWork":[],"queueLength":0,"runningWork":["/my-sample-project-tamil/us-central1/api/user/IbYUJISpHa3pTqPvY4XY-2023-02-28T11:47:38.450Z"],"workRunningCount":1}
[debug] [2023-02-28T11:47:38.450Z] Accepted request DELETE /my-sample-project-tamil/us-central1/api/user/IbYUJISpHa3pTqPvY4XY --> us-central1-api
[debug] [2023-02-28T11:47:38.453Z] [functions] Runtime ready! Sending request! {"metadata":{"emulator":{"name":"functions"},"message":"[functions] Runtime ready! Sending request!"}}
[debug] [2023-02-28T11:47:38.453Z] [functions] Got req.url=/my-sample-project-tamil/us-central1/api/user/IbYUJISpHa3pTqPvY4XY, mapping to path=/user/IbYUJISpHa3pTqPvY4XY {"metadata":{"emulator":{"name":"functions"},"message":"[functions] Got req.url=/my-sample-project-tamil/us-central1/api/user/IbYUJISpHa3pTqPvY4XY, mapping to path=/user/IbYUJISpHa3pTqPvY4XY"}}
[debug] [2023-02-28T11:47:38.453Z] [worker-pool] submitRequest(triggerId=us-central1-api) {"metadata":{"emulator":{"name":"functions"},"message":"[worker-pool] submitRequest(triggerId=us-central1-api)"}}
[info] i  functions: Beginning execution of "us-central1-api" {"metadata":{"emulator":{"name":"functions"},"function":{"name":"us-central1-api"},"extension":{},"message":"Beginning execution of \"us-central1-api\""}}
[debug] [2023-02-28T11:47:38.454Z] [worker-us-central1-api-06bd0585-f5f0-44b4-a5b6-8f3d433f8477]: BUSY {"metadata":{"emulator":{"name":"functions"},"function":{"name":"us-central1-api"},"extension":{},"message":"[worker-us-central1-api-06bd0585-f5f0-44b4-a5b6-8f3d433f8477]: BUSY"}}
[info] i  functions: Finished "us-central1-api" in 3.2874ms {"metadata":{"emulator":{"name":"functions"},"function":{"name":"us-central1-api"},"extension":{},"message":"Finished \"us-central1-api\" in 3.2874ms"}}
[debug] [2023-02-28T11:47:38.458Z] [worker-us-central1-api-06bd0585-f5f0-44b4-a5b6-8f3d433f8477]: IDLE {"metadata":{"emulator":{"name":"functions"},"function":{"name":"us-central1-api"},"extension":{},"message":"[worker-us-central1-api-06bd0585-f5f0-44b4-a5b6-8f3d433f8477]: IDLE"}}
[debug] [2023-02-28T11:47:38.459Z] [work-queue] {"queuedWork":[],"queueLength":0,"runningWork":[],"workRunningCount":0}
[debug] [2023-02-28T11:47:39.239Z] [work-queue] {"queuedWork":["/my-sample-project-tamil/us-central1/api/user/IbYUJISpHa3pTqPvY4XY-2023-02-28T11:47:39.239Z"],"queueLength":1,"runningWork":[],"workRunningCount":0}
[debug] [2023-02-28T11:47:39.239Z] [work-queue] {"queuedWork":[],"queueLength":0,"runningWork":["/my-sample-project-tamil/us-central1/api/user/IbYUJISpHa3pTqPvY4XY-2023-02-28T11:47:39.239Z"],"workRunningCount":1}
[debug] [2023-02-28T11:47:39.239Z] Accepted request DELETE /my-sample-project-tamil/us-central1/api/user/IbYUJISpHa3pTqPvY4XY --> us-central1-api
[debug] [2023-02-28T11:47:39.241Z] [functions] Runtime ready! Sending request! {"metadata":{"emulator":{"name":"functions"},"message":"[functions] Runtime ready! Sending request!"}}
[debug] [2023-02-28T11:47:39.242Z] [functions] Got req.url=/my-sample-project-tamil/us-central1/api/user/IbYUJISpHa3pTqPvY4XY, mapping to path=/user/IbYUJISpHa3pTqPvY4XY {"metadata":{"emulator":{"name":"functions"},"message":"[functions] Got req.url=/my-sample-project-tamil/us-central1/api/user/IbYUJISpHa3pTqPvY4XY, mapping to path=/user/IbYUJISpHa3pTqPvY4XY"}}
[debug] [2023-02-28T11:47:39.242Z] [worker-pool] submitRequest(triggerId=us-central1-api) {"metadata":{"emulator":{"name":"functions"},"message":"[worker-pool] submitRequest(triggerId=us-central1-api)"}}
[info] i  functions: Beginning execution of "us-central1-api" {"metadata":{"emulator":{"name":"functions"},"function":{"name":"us-central1-api"},"extension":{},"message":"Beginning execution of \"us-central1-api\""}}
[debug] [2023-02-28T11:47:39.242Z] [worker-us-central1-api-06bd0585-f5f0-44b4-a5b6-8f3d433f8477]: BUSY {"metadata":{"emulator":{"name":"functions"},"function":{"name":"us-central1-api"},"extension":{},"message":"[worker-us-central1-api-06bd0585-f5f0-44b4-a5b6-8f3d433f8477]: BUSY"}}
[info] i  functions: Finished "us-central1-api" in 2.4352ms {"metadata":{"emulator":{"name":"functions"},"function":{"name":"us-central1-api"},"extension":{},"message":"Finished \"us-central1-api\" in 2.4352ms"}}
[debug] [2023-02-28T11:47:39.246Z] [worker-us-central1-api-06bd0585-f5f0-44b4-a5b6-8f3d433f8477]: IDLE {"metadata":{"emulator":{"name":"functions"},"function":{"name":"us-central1-api"},"extension":{},"message":"[worker-us-central1-api-06bd0585-f5f0-44b4-a5b6-8f3d433f8477]: IDLE"}}
[debug] [2023-02-28T11:47:39.246Z] [work-queue] {"queuedWork":[],"queueLength":0,"runningWork":[],"workRunningCount":0}
[debug] [2023-02-28T11:47:39.766Z] [work-queue] {"queuedWork":["/my-sample-project-tamil/us-central1/api/user/IbYUJISpHa3pTqPvY4XY-2023-02-28T11:47:39.766Z"],"queueLength":1,"runningWork":[],"workRunningCount":0}
[debug] [2023-02-28T11:47:39.766Z] [work-queue] {"queuedWork":[],"queueLength":0,"runningWork":["/my-sample-project-tamil/us-central1/api/user/IbYUJISpHa3pTqPvY4XY-2023-02-28T11:47:39.766Z"],"workRunningCount":1}
[debug] [2023-02-28T11:47:39.766Z] Accepted request DELETE /my-sample-project-tamil/us-central1/api/user/IbYUJISpHa3pTqPvY4XY --> us-central1-api
[debug] [2023-02-28T11:47:39.769Z] [functions] Runtime ready! Sending request! {"metadata":{"emulator":{"name":"functions"},"message":"[functions] Runtime ready! Sending request!"}}
[debug] [2023-02-28T11:47:39.769Z] [functions] Got req.url=/my-sample-project-tamil/us-central1/api/user/IbYUJISpHa3pTqPvY4XY, mapping to path=/user/IbYUJISpHa3pTqPvY4XY {"metadata":{"emulator":{"name":"functions"},"message":"[functions] Got req.url=/my-sample-project-tamil/us-central1/api/user/IbYUJISpHa3pTqPvY4XY, mapping to path=/user/IbYUJISpHa3pTqPvY4XY"}}
[debug] [2023-02-28T11:47:39.770Z] [worker-pool] submitRequest(triggerId=us-central1-api) {"metadata":{"emulator":{"name":"functions"},"message":"[worker-pool] submitRequest(triggerId=us-central1-api)"}}
[info] i  functions: Beginning execution of "us-central1-api" {"metadata":{"emulator":{"name":"functions"},"function":{"name":"us-central1-api"},"extension":{},"message":"Beginning execution of \"us-central1-api\""}}
[debug] [2023-02-28T11:47:39.770Z] [worker-us-central1-api-06bd0585-f5f0-44b4-a5b6-8f3d433f8477]: BUSY {"metadata":{"emulator":{"name":"functions"},"function":{"name":"us-central1-api"},"extension":{},"message":"[worker-us-central1-api-06bd0585-f5f0-44b4-a5b6-8f3d433f8477]: BUSY"}}
[info] i  functions: Finished "us-central1-api" in 2.9216ms {"metadata":{"emulator":{"name":"functions"},"function":{"name":"us-central1-api"},"extension":{},"message":"Finished \"us-central1-api\" in 2.9216ms"}}
[debug] [2023-02-28T11:47:39.774Z] [worker-us-central1-api-06bd0585-f5f0-44b4-a5b6-8f3d433f8477]: IDLE {"metadata":{"emulator":{"name":"functions"},"function":{"name":"us-central1-api"},"extension":{},"message":"[worker-us-central1-api-06bd0585-f5f0-44b4-a5b6-8f3d433f8477]: IDLE"}}
[debug] [2023-02-28T11:47:39.774Z] [work-queue] {"queuedWork":[],"queueLength":0,"runningWork":[],"workRunningCount":0}
[debug] [2023-02-28T11:47:40.167Z] [work-queue] {"queuedWork":["/my-sample-project-tamil/us-central1/api/user/IbYUJISpHa3pTqPvY4XY-2023-02-28T11:47:40.167Z"],"queueLength":1,"runningWork":[],"workRunningCount":0}
[debug] [2023-02-28T11:47:40.167Z] [work-queue] {"queuedWork":[],"queueLength":0,"runningWork":["/my-sample-project-tamil/us-central1/api/user/IbYUJISpHa3pTqPvY4XY-2023-02-28T11:47:40.167Z"],"workRunningCount":1}
[debug] [2023-02-28T11:47:40.167Z] Accepted request DELETE /my-sample-project-tamil/us-central1/api/user/IbYUJISpHa3pTqPvY4XY --> us-central1-api
[debug] [2023-02-28T11:47:40.170Z] [functions] Runtime ready! Sending request! {"metadata":{"emulator":{"name":"functions"},"message":"[functions] Runtime ready! Sending request!"}}
[debug] [2023-02-28T11:47:40.170Z] [functions] Got req.url=/my-sample-project-tamil/us-central1/api/user/IbYUJISpHa3pTqPvY4XY, mapping to path=/user/IbYUJISpHa3pTqPvY4XY {"metadata":{"emulator":{"name":"functions"},"message":"[functions] Got req.url=/my-sample-project-tamil/us-central1/api/user/IbYUJISpHa3pTqPvY4XY, mapping to path=/user/IbYUJISpHa3pTqPvY4XY"}}
[debug] [2023-02-28T11:47:40.170Z] [worker-pool] submitRequest(triggerId=us-central1-api) {"metadata":{"emulator":{"name":"functions"},"message":"[worker-pool] submitRequest(triggerId=us-central1-api)"}}
[info] i  functions: Beginning execution of "us-central1-api" {"metadata":{"emulator":{"name":"functions"},"function":{"name":"us-central1-api"},"extension":{},"message":"Beginning execution of \"us-central1-api\""}}
[debug] [2023-02-28T11:47:40.171Z] [worker-us-central1-api-06bd0585-f5f0-44b4-a5b6-8f3d433f8477]: BUSY {"metadata":{"emulator":{"name":"functions"},"function":{"name":"us-central1-api"},"extension":{},"message":"[worker-us-central1-api-06bd0585-f5f0-44b4-a5b6-8f3d433f8477]: BUSY"}}
[info] i  functions: Finished "us-central1-api" in 3.0451ms {"metadata":{"emulator":{"name":"functions"},"function":{"name":"us-central1-api"},"extension":{},"message":"Finished \"us-central1-api\" in 3.0451ms"}}
[debug] [2023-02-28T11:47:40.175Z] [worker-us-central1-api-06bd0585-f5f0-44b4-a5b6-8f3d433f8477]: IDLE {"metadata":{"emulator":{"name":"functions"},"function":{"name":"us-central1-api"},"extension":{},"message":"[worker-us-central1-api-06bd0585-f5f0-44b4-a5b6-8f3d433f8477]: IDLE"}}
[debug] [2023-02-28T11:47:40.175Z] [work-queue] {"queuedWork":[],"queueLength":0,"runningWork":[],"workRunningCount":0}
[debug] [2023-02-28T11:47:40.604Z] [work-queue] {"queuedWork":["/my-sample-project-tamil/us-central1/api/user/IbYUJISpHa3pTqPvY4XY-2023-02-28T11:47:40.604Z"],"queueLength":1,"runningWork":[],"workRunningCount":0}
[debug] [2023-02-28T11:47:40.604Z] [work-queue] {"queuedWork":[],"queueLength":0,"runningWork":["/my-sample-project-tamil/us-central1/api/user/IbYUJISpHa3pTqPvY4XY-2023-02-28T11:47:40.604Z"],"workRunningCount":1}
[debug] [2023-02-28T11:47:40.604Z] Accepted request DELETE /my-sample-project-tamil/us-central1/api/user/IbYUJISpHa3pTqPvY4XY --> us-central1-api
[debug] [2023-02-28T11:47:40.606Z] [functions] Runtime ready! Sending request! {"metadata":{"emulator":{"name":"functions"},"message":"[functions] Runtime ready! Sending request!"}}
[debug] [2023-02-28T11:47:40.606Z] [functions] Got req.url=/my-sample-project-tamil/us-central1/api/user/IbYUJISpHa3pTqPvY4XY, mapping to path=/user/IbYUJISpHa3pTqPvY4XY {"metadata":{"emulator":{"name":"functions"},"message":"[functions] Got req.url=/my-sample-project-tamil/us-central1/api/user/IbYUJISpHa3pTqPvY4XY, mapping to path=/user/IbYUJISpHa3pTqPvY4XY"}}
[debug] [2023-02-28T11:47:40.606Z] [worker-pool] submitRequest(triggerId=us-central1-api) {"metadata":{"emulator":{"name":"functions"},"message":"[worker-pool] submitRequest(triggerId=us-central1-api)"}}
[info] i  functions: Beginning execution of "us-central1-api" {"metadata":{"emulator":{"name":"functions"},"function":{"name":"us-central1-api"},"extension":{},"message":"Beginning execution of \"us-central1-api\""}}
[debug] [2023-02-28T11:47:40.607Z] [worker-us-central1-api-06bd0585-f5f0-44b4-a5b6-8f3d433f8477]: BUSY {"metadata":{"emulator":{"name":"functions"},"function":{"name":"us-central1-api"},"extension":{},"message":"[worker-us-central1-api-06bd0585-f5f0-44b4-a5b6-8f3d433f8477]: BUSY"}}
[info] i  functions: Finished "us-central1-api" in 3.2084ms {"metadata":{"emulator":{"name":"functions"},"function":{"name":"us-central1-api"},"extension":{},"message":"Finished \"us-central1-api\" in 3.2084ms"}}
[debug] [2023-02-28T11:47:40.611Z] [worker-us-central1-api-06bd0585-f5f0-44b4-a5b6-8f3d433f8477]: IDLE {"metadata":{"emulator":{"name":"functions"},"function":{"name":"us-central1-api"},"extension":{},"message":"[worker-us-central1-api-06bd0585-f5f0-44b4-a5b6-8f3d433f8477]: IDLE"}}
[debug] [2023-02-28T11:47:40.612Z] [work-queue] {"queuedWork":[],"queueLength":0,"runningWork":[],"workRunningCount":0}
[debug] [2023-02-28T11:47:40.977Z] [work-queue] {"queuedWork":["/my-sample-project-tamil/us-central1/api/user/IbYUJISpHa3pTqPvY4XY-2023-02-28T11:47:40.977Z"],"queueLength":1,"runningWork":[],"workRunningCount":0}
[debug] [2023-02-28T11:47:40.977Z] [work-queue] {"queuedWork":[],"queueLength":0,"runningWork":["/my-sample-project-tamil/us-central1/api/user/IbYUJISpHa3pTqPvY4XY-2023-02-28T11:47:40.977Z"],"workRunningCount":1}
[debug] [2023-02-28T11:47:40.978Z] Accepted request DELETE /my-sample-project-tamil/us-central1/api/user/IbYUJISpHa3pTqPvY4XY --> us-central1-api
[debug] [2023-02-28T11:47:40.980Z] [functions] Runtime ready! Sending request! {"metadata":{"emulator":{"name":"functions"},"message":"[functions] Runtime ready! Sending request!"}}
[debug] [2023-02-28T11:47:40.980Z] [functions] Got req.url=/my-sample-project-tamil/us-central1/api/user/IbYUJISpHa3pTqPvY4XY, mapping to path=/user/IbYUJISpHa3pTqPvY4XY {"metadata":{"emulator":{"name":"functions"},"message":"[functions] Got req.url=/my-sample-project-tamil/us-central1/api/user/IbYUJISpHa3pTqPvY4XY, mapping to path=/user/IbYUJISpHa3pTqPvY4XY"}}
[debug] [2023-02-28T11:47:40.980Z] [worker-pool] submitRequest(triggerId=us-central1-api) {"metadata":{"emulator":{"name":"functions"},"message":"[worker-pool] submitRequest(triggerId=us-central1-api)"}}
[info] i  functions: Beginning execution of "us-central1-api" {"metadata":{"emulator":{"name":"functions"},"function":{"name":"us-central1-api"},"extension":{},"message":"Beginning execution of \"us-central1-api\""}}
[debug] [2023-02-28T11:47:40.981Z] [worker-us-central1-api-06bd0585-f5f0-44b4-a5b6-8f3d433f8477]: BUSY {"metadata":{"emulator":{"name":"functions"},"function":{"name":"us-central1-api"},"extension":{},"message":"[worker-us-central1-api-06bd0585-f5f0-44b4-a5b6-8f3d433f8477]: BUSY"}}
[info] i  functions: Finished "us-central1-api" in 2.5296ms {"metadata":{"emulator":{"name":"functions"},"function":{"name":"us-central1-api"},"extension":{},"message":"Finished \"us-central1-api\" in 2.5296ms"}}
[debug] [2023-02-28T11:47:40.985Z] [worker-us-central1-api-06bd0585-f5f0-44b4-a5b6-8f3d433f8477]: IDLE {"metadata":{"emulator":{"name":"functions"},"function":{"name":"us-central1-api"},"extension":{},"message":"[worker-us-central1-api-06bd0585-f5f0-44b4-a5b6-8f3d433f8477]: IDLE"}}
[debug] [2023-02-28T11:47:40.985Z] [work-queue] {"queuedWork":[],"queueLength":0,"runningWork":[],"workRunningCount":0}
[debug] [2023-02-28T11:47:41.622Z] [work-queue] {"queuedWork":["/my-sample-project-tamil/us-central1/api/user/IbYUJISpHa3pTqPvY4XY-2023-02-28T11:47:41.622Z"],"queueLength":1,"runningWork":[],"workRunningCount":0}
[debug] [2023-02-28T11:47:41.622Z] [work-queue] {"queuedWork":[],"queueLength":0,"runningWork":["/my-sample-project-tamil/us-central1/api/user/IbYUJISpHa3pTqPvY4XY-2023-02-28T11:47:41.622Z"],"workRunningCount":1}
[debug] [2023-02-28T11:47:41.622Z] Accepted request DELETE /my-sample-project-tamil/us-central1/api/user/IbYUJISpHa3pTqPvY4XY --> us-central1-api
[debug] [2023-02-28T11:47:41.624Z] [functions] Runtime ready! Sending request! {"metadata":{"emulator":{"name":"functions"},"message":"[functions] Runtime ready! Sending request!"}}
[debug] [2023-02-28T11:47:41.625Z] [functions] Got req.url=/my-sample-project-tamil/us-central1/api/user/IbYUJISpHa3pTqPvY4XY, mapping to path=/user/IbYUJISpHa3pTqPvY4XY {"metadata":{"emulator":{"name":"functions"},"message":"[functions] Got req.url=/my-sample-project-tamil/us-central1/api/user/IbYUJISpHa3pTqPvY4XY, mapping to path=/user/IbYUJISpHa3pTqPvY4XY"}}
[debug] [2023-02-28T11:47:41.625Z] [worker-pool] submitRequest(triggerId=us-central1-api) {"metadata":{"emulator":{"name":"functions"},"message":"[worker-pool] submitRequest(triggerId=us-central1-api)"}}
[info] i  functions: Beginning execution of "us-central1-api" {"metadata":{"emulator":{"name":"functions"},"function":{"name":"us-central1-api"},"extension":{},"message":"Beginning execution of \"us-central1-api\""}}
[debug] [2023-02-28T11:47:41.625Z] [worker-us-central1-api-06bd0585-f5f0-44b4-a5b6-8f3d433f8477]: BUSY {"metadata":{"emulator":{"name":"functions"},"function":{"name":"us-central1-api"},"extension":{},"message":"[worker-us-central1-api-06bd0585-f5f0-44b4-a5b6-8f3d433f8477]: BUSY"}}
[info] i  functions: Finished "us-central1-api" in 2.7113ms {"metadata":{"emulator":{"name":"functions"},"function":{"name":"us-central1-api"},"extension":{},"message":"Finished \"us-central1-api\" in 2.7113ms"}}
[debug] [2023-02-28T11:47:41.629Z] [worker-us-central1-api-06bd0585-f5f0-44b4-a5b6-8f3d433f8477]: IDLE {"metadata":{"emulator":{"name":"functions"},"function":{"name":"us-central1-api"},"extension":{},"message":"[worker-us-central1-api-06bd0585-f5f0-44b4-a5b6-8f3d433f8477]: IDLE"}}
[debug] [2023-02-28T11:47:41.629Z] [work-queue] {"queuedWork":[],"queueLength":0,"runningWork":[],"workRunningCount":0}
[debug] [2023-02-28T11:47:42.007Z] [work-queue] {"queuedWork":["/my-sample-project-tamil/us-central1/api/user/IbYUJISpHa3pTqPvY4XY-2023-02-28T11:47:42.007Z"],"queueLength":1,"runningWork":[],"workRunningCount":0}
[debug] [2023-02-28T11:47:42.007Z] [work-queue] {"queuedWork":[],"queueLength":0,"runningWork":["/my-sample-project-tamil/us-central1/api/user/IbYUJISpHa3pTqPvY4XY-2023-02-28T11:47:42.007Z"],"workRunningCount":1}
[debug] [2023-02-28T11:47:42.007Z] Accepted request DELETE /my-sample-project-tamil/us-central1/api/user/IbYUJISpHa3pTqPvY4XY --> us-central1-api
[debug] [2023-02-28T11:47:42.010Z] [functions] Runtime ready! Sending request! {"metadata":{"emulator":{"name":"functions"},"message":"[functions] Runtime ready! Sending request!"}}
[debug] [2023-02-28T11:47:42.010Z] [functions] Got req.url=/my-sample-project-tamil/us-central1/api/user/IbYUJISpHa3pTqPvY4XY, mapping to path=/user/IbYUJISpHa3pTqPvY4XY {"metadata":{"emulator":{"name":"functions"},"message":"[functions] Got req.url=/my-sample-project-tamil/us-central1/api/user/IbYUJISpHa3pTqPvY4XY, mapping to path=/user/IbYUJISpHa3pTqPvY4XY"}}
[debug] [2023-02-28T11:47:42.010Z] [worker-pool] submitRequest(triggerId=us-central1-api) {"metadata":{"emulator":{"name":"functions"},"message":"[worker-pool] submitRequest(triggerId=us-central1-api)"}}
[info] i  functions: Beginning execution of "us-central1-api" {"metadata":{"emulator":{"name":"functions"},"function":{"name":"us-central1-api"},"extension":{},"message":"Beginning execution of \"us-central1-api\""}}
[debug] [2023-02-28T11:47:42.011Z] [worker-us-central1-api-06bd0585-f5f0-44b4-a5b6-8f3d433f8477]: BUSY {"metadata":{"emulator":{"name":"functions"},"function":{"name":"us-central1-api"},"extension":{},"message":"[worker-us-central1-api-06bd0585-f5f0-44b4-a5b6-8f3d433f8477]: BUSY"}}
[info] i  functions: Finished "us-central1-api" in 3.8132ms {"metadata":{"emulator":{"name":"functions"},"function":{"name":"us-central1-api"},"extension":{},"message":"Finished \"us-central1-api\" in 3.8132ms"}}
[debug] [2023-02-28T11:47:42.016Z] [worker-us-central1-api-06bd0585-f5f0-44b4-a5b6-8f3d433f8477]: IDLE {"metadata":{"emulator":{"name":"functions"},"function":{"name":"us-central1-api"},"extension":{},"message":"[worker-us-central1-api-06bd0585-f5f0-44b4-a5b6-8f3d433f8477]: IDLE"}}
[debug] [2023-02-28T11:47:42.016Z] [work-queue] {"queuedWork":[],"queueLength":0,"runningWork":[],"workRunningCount":0}
[debug] [2023-02-28T11:47:42.415Z] [work-queue] {"queuedWork":["/my-sample-project-tamil/us-central1/api/user/IbYUJISpHa3pTqPvY4XY-2023-02-28T11:47:42.415Z"],"queueLength":1,"runningWork":[],"workRunningCount":0}
[debug] [2023-02-28T11:47:42.415Z] [work-queue] {"queuedWork":[],"queueLength":0,"runningWork":["/my-sample-project-tamil/us-central1/api/user/IbYUJISpHa3pTqPvY4XY-2023-02-28T11:47:42.415Z"],"workRunningCount":1}
[debug] [2023-02-28T11:47:42.415Z] Accepted request DELETE /my-sample-project-tamil/us-central1/api/user/IbYUJISpHa3pTqPvY4XY --> us-central1-api
[debug] [2023-02-28T11:47:42.417Z] [functions] Runtime ready! Sending request! {"metadata":{"emulator":{"name":"functions"},"message":"[functions] Runtime ready! Sending request!"}}
[debug] [2023-02-28T11:47:42.417Z] [functions] Got req.url=/my-sample-project-tamil/us-central1/api/user/IbYUJISpHa3pTqPvY4XY, mapping to path=/user/IbYUJISpHa3pTqPvY4XY {"metadata":{"emulator":{"name":"functions"},"message":"[functions] Got req.url=/my-sample-project-tamil/us-central1/api/user/IbYUJISpHa3pTqPvY4XY, mapping to path=/user/IbYUJISpHa3pTqPvY4XY"}}
[debug] [2023-02-28T11:47:42.417Z] [worker-pool] submitRequest(triggerId=us-central1-api) {"metadata":{"emulator":{"name":"functions"},"message":"[worker-pool] submitRequest(triggerId=us-central1-api)"}}
[info] i  functions: Beginning execution of "us-central1-api" {"metadata":{"emulator":{"name":"functions"},"function":{"name":"us-central1-api"},"extension":{},"message":"Beginning execution of \"us-central1-api\""}}
[debug] [2023-02-28T11:47:42.418Z] [worker-us-central1-api-06bd0585-f5f0-44b4-a5b6-8f3d433f8477]: BUSY {"metadata":{"emulator":{"name":"functions"},"function":{"name":"us-central1-api"},"extension":{},"message":"[worker-us-central1-api-06bd0585-f5f0-44b4-a5b6-8f3d433f8477]: BUSY"}}
[info] i  functions: Finished "us-central1-api" in 2.501ms {"metadata":{"emulator":{"name":"functions"},"function":{"name":"us-central1-api"},"extension":{},"message":"Finished \"us-central1-api\" in 2.501ms"}}
[debug] [2023-02-28T11:47:42.421Z] [worker-us-central1-api-06bd0585-f5f0-44b4-a5b6-8f3d433f8477]: IDLE {"metadata":{"emulator":{"name":"functions"},"function":{"name":"us-central1-api"},"extension":{},"message":"[worker-us-central1-api-06bd0585-f5f0-44b4-a5b6-8f3d433f8477]: IDLE"}}
[debug] [2023-02-28T11:47:42.421Z] [work-queue] {"queuedWork":[],"queueLength":0,"runningWork":[],"workRunningCount":0}
[debug] [2023-02-28T11:48:13.257Z] File C:\Users\jega4\Gitrepo\clubmithra\server\functions\src\index.ts changed, reloading triggers {"metadata":{"emulator":{"name":"functions"},"message":"File C:\\Users\\jega4\\Gitrepo\\clubmithra\\server\\functions\\src\\index.ts changed, reloading triggers"}}
[debug] [2023-02-28T11:48:14.273Z] Validating nodejs source
[debug] [2023-02-28T11:48:16.197Z] > [functions] package.json contents: {
  "name": "functions",
  "scripts": {
    "lint": "eslint --ext .js,.ts .",
    "build": "tsc",
    "build:watch": "tsc --watch",
    "serve-fn": "npm run build && firebase emulators:start --only functions",
    "serve": "npm run build && firebase emulators:start ",
    "shell": "npm run build && firebase functions:shell",
    "start": "npm run shell",
    "deploy": "firebase deploy --only functions",
    "logs": "firebase functions:log"
  },
  "engines": {
    "node": "16"
  },
  "main": "lib/index.js",
  "dependencies": {
    "body-parser": "^1.20.2",
    "cors": "^2.8.5",
    "firebase-admin": "^11.5.0",
    "firebase-functions": "^4.2.0"
  },
  "devDependencies": {
    "@types/cors": "^2.8.13",
    "@typescript-eslint/eslint-plugin": "^5.12.0",
    "@typescript-eslint/parser": "^5.12.0",
    "eslint": "^8.9.0",
    "eslint-config-google": "^0.14.0",
    "eslint-plugin-import": "^2.25.4",
    "firebase-functions-test": "^3.0.0",
    "typescript": "^4.9.0"
  },
  "private": true
}
[debug] [2023-02-28T11:48:16.198Z] Building nodejs source
[debug] [2023-02-28T11:48:16.198Z] Failed to find version of module node: reached end of search path C:\Users\jega4\Gitrepo\clubmithra\server\functions\node_modules
[info] +  functions: Using node@16 from host. 
[debug] [2023-02-28T11:48:16.200Z] Could not find functions.yaml. Must use http discovery
[debug] [2023-02-28T11:48:16.211Z] Found firebase-functions binary at 'C:\Users\jega4\Gitrepo\clubmithra\server\functions\node_modules\.bin\firebase-functions'
[debug] [2023-02-28T11:48:16.516Z] Serving at port 8863

[debug] [2023-02-28T11:48:16.924Z] Got response from /__/functions.yaml {"endpoints":{"api":{"platform":"gcfv1","availableMemoryMb":null,"timeoutSeconds":null,"minInstances":null,"maxInstances":null,"ingressSettings":null,"serviceAccountEmail":null,"vpc":null,"httpsTrigger":{},"entryPoint":"api"}},"specVersion":"v1alpha1","requiredAPIs":[]}
[debug] [2023-02-28T11:48:16.929Z] shutdown requested via /__/quitquitquit

[info] +  functions: Loaded functions definitions from source: api. {"metadata":{"emulator":{"name":"functions"},"message":"Loaded functions definitions from source: api."}}
[debug] [2023-02-28T11:48:16.944Z] [worker-pool] Shutting down IDLE worker (us-central1-api) {"metadata":{"emulator":{"name":"functions"},"message":"[worker-pool] Shutting down IDLE worker (us-central1-api)"}}
[debug] [2023-02-28T11:48:16.944Z] [worker-us-central1-api-06bd0585-f5f0-44b4-a5b6-8f3d433f8477]: FINISHING {"metadata":{"emulator":{"name":"functions"},"function":{"name":"us-central1-api"},"extension":{},"message":"[worker-us-central1-api-06bd0585-f5f0-44b4-a5b6-8f3d433f8477]: FINISHING"}}
[debug] [2023-02-28T11:48:16.963Z] [worker-us-central1-api-06bd0585-f5f0-44b4-a5b6-8f3d433f8477]: exited {"metadata":{"emulator":{"name":"functions"},"function":{"name":"us-central1-api"},"extension":{},"message":"[worker-us-central1-api-06bd0585-f5f0-44b4-a5b6-8f3d433f8477]: exited"}}
[debug] [2023-02-28T11:48:16.963Z] [worker-us-central1-api-06bd0585-f5f0-44b4-a5b6-8f3d433f8477]: FINISHED {"metadata":{"emulator":{"name":"functions"},"function":{"name":"us-central1-api"},"extension":{},"message":"[worker-us-central1-api-06bd0585-f5f0-44b4-a5b6-8f3d433f8477]: FINISHED"}}
[debug] [2023-02-28T11:48:21.589Z] [work-queue] {"queuedWork":["/my-sample-project-tamil/us-central1/api/user/IbYUJISpHa3pTqPvY4XY-2023-02-28T11:48:21.589Z"],"queueLength":1,"runningWork":[],"workRunningCount":0}
[debug] [2023-02-28T11:48:21.589Z] [work-queue] {"queuedWork":[],"queueLength":0,"runningWork":["/my-sample-project-tamil/us-central1/api/user/IbYUJISpHa3pTqPvY4XY-2023-02-28T11:48:21.589Z"],"workRunningCount":1}
[debug] [2023-02-28T11:48:21.590Z] Accepted request DELETE /my-sample-project-tamil/us-central1/api/user/IbYUJISpHa3pTqPvY4XY --> us-central1-api
[debug] [2023-02-28T11:48:21.592Z] [functions] Runtime ready! Sending request! {"metadata":{"emulator":{"name":"functions"},"message":"[functions] Runtime ready! Sending request!"}}
[debug] [2023-02-28T11:48:21.592Z] [functions] Got req.url=/my-sample-project-tamil/us-central1/api/user/IbYUJISpHa3pTqPvY4XY, mapping to path=/user/IbYUJISpHa3pTqPvY4XY {"metadata":{"emulator":{"name":"functions"},"message":"[functions] Got req.url=/my-sample-project-tamil/us-central1/api/user/IbYUJISpHa3pTqPvY4XY, mapping to path=/user/IbYUJISpHa3pTqPvY4XY"}}
[debug] [2023-02-28T11:48:21.592Z] [worker-pool] Cleaned up workers for us-central1-api: 1 --> 0 {"metadata":{"emulator":{"name":"functions"},"message":"[worker-pool] Cleaned up workers for us-central1-api: 1 --> 0"}}
[debug] [2023-02-28T11:48:21.603Z] [worker-pool] addWorker(us-central1-api) {"metadata":{"emulator":{"name":"functions"},"message":"[worker-pool] addWorker(us-central1-api)"}}
[debug] [2023-02-28T11:48:21.603Z] [worker-pool] Adding worker with key us-central1-api, total=1 {"metadata":{"emulator":{"name":"functions"},"message":"[worker-pool] Adding worker with key us-central1-api, total=1"}}
[debug] [2023-02-28T11:48:23.242Z] [runtime-status] [19972] Resolved module firebase-admin {"declared":true,"installed":true,"version":"11.5.0","resolution":"C:\\Users\\jega4\\Gitrepo\\clubmithra\\server\\functions\\node_modules\\firebase-admin\\lib\\index.js"} {"metadata":{"emulator":{"name":"functions"},"function":{"name":"us-central1-api"},"extension":{},"message":"[runtime-status] [19972] Resolved module firebase-admin {\"declared\":true,\"installed\":true,\"version\":\"11.5.0\",\"resolution\":\"C:\\\\Users\\\\jega4\\\\Gitrepo\\\\clubmithra\\\\server\\\\functions\\\\node_modules\\\\firebase-admin\\\\lib\\\\index.js\"}"}}
[debug] [2023-02-28T11:48:23.244Z] [runtime-status] [19972] Resolved module firebase-functions {"declared":true,"installed":true,"version":"4.2.1","resolution":"C:\\Users\\jega4\\Gitrepo\\clubmithra\\server\\functions\\node_modules\\firebase-functions\\lib\\v1\\index.js"} {"metadata":{"emulator":{"name":"functions"},"function":{"name":"us-central1-api"},"extension":{},"message":"[runtime-status] [19972] Resolved module firebase-functions {\"declared\":true,\"installed\":true,\"version\":\"4.2.1\",\"resolution\":\"C:\\\\Users\\\\jega4\\\\Gitrepo\\\\clubmithra\\\\server\\\\functions\\\\node_modules\\\\firebase-functions\\\\lib\\\\v1\\\\index.js\"}"}}
[debug] [2023-02-28T11:48:23.244Z] [runtime-status] [19972] Outgoing network have been stubbed. [{"name":"http","status":"mocked"},{"name":"http","status":"mocked"},{"name":"https","status":"mocked"},{"name":"https","status":"mocked"},{"name":"net","status":"mocked"}] {"metadata":{"emulator":{"name":"functions"},"function":{"name":"us-central1-api"},"extension":{},"message":"[runtime-status] [19972] Outgoing network have been stubbed. [{\"name\":\"http\",\"status\":\"mocked\"},{\"name\":\"http\",\"status\":\"mocked\"},{\"name\":\"https\",\"status\":\"mocked\"},{\"name\":\"https\",\"status\":\"mocked\"},{\"name\":\"net\",\"status\":\"mocked\"}]"}}
[debug] [2023-02-28T11:48:23.245Z] [runtime-status] [19972] Resolved module firebase-functions {"declared":true,"installed":true,"version":"4.2.1","resolution":"C:\\Users\\jega4\\Gitrepo\\clubmithra\\server\\functions\\node_modules\\firebase-functions\\lib\\v1\\index.js"} {"metadata":{"emulator":{"name":"functions"},"function":{"name":"us-central1-api"},"extension":{},"message":"[runtime-status] [19972] Resolved module firebase-functions {\"declared\":true,\"installed\":true,\"version\":\"4.2.1\",\"resolution\":\"C:\\\\Users\\\\jega4\\\\Gitrepo\\\\clubmithra\\\\server\\\\functions\\\\node_modules\\\\firebase-functions\\\\lib\\\\v1\\\\index.js\"}"}}
[debug] [2023-02-28T11:48:23.564Z] [runtime-status] [19972] Checked functions.config() {"config":{}} {"metadata":{"emulator":{"name":"functions"},"function":{"name":"us-central1-api"},"extension":{},"message":"[runtime-status] [19972] Checked functions.config() {\"config\":{}}"}}
[debug] [2023-02-28T11:48:23.565Z] [runtime-status] [19972] firebase-functions has been stubbed. {"functionsResolution":{"declared":true,"installed":true,"version":"4.2.1","resolution":"C:\\Users\\jega4\\Gitrepo\\clubmithra\\server\\functions\\node_modules\\firebase-functions\\lib\\v1\\index.js"}} {"metadata":{"emulator":{"name":"functions"},"function":{"name":"us-central1-api"},"extension":{},"message":"[runtime-status] [19972] firebase-functions has been stubbed. {\"functionsResolution\":{\"declared\":true,\"installed\":true,\"version\":\"4.2.1\",\"resolution\":\"C:\\\\Users\\\\jega4\\\\Gitrepo\\\\clubmithra\\\\server\\\\functions\\\\node_modules\\\\firebase-functions\\\\lib\\\\v1\\\\index.js\"}}"}}
[debug] [2023-02-28T11:48:23.566Z] [runtime-status] [19972] Resolved module firebase-functions {"declared":true,"installed":true,"version":"4.2.1","resolution":"C:\\Users\\jega4\\Gitrepo\\clubmithra\\server\\functions\\node_modules\\firebase-functions\\lib\\v1\\index.js"} {"metadata":{"emulator":{"name":"functions"},"function":{"name":"us-central1-api"},"extension":{},"message":"[runtime-status] [19972] Resolved module firebase-functions {\"declared\":true,\"installed\":true,\"version\":\"4.2.1\",\"resolution\":\"C:\\\\Users\\\\jega4\\\\Gitrepo\\\\clubmithra\\\\server\\\\functions\\\\node_modules\\\\firebase-functions\\\\lib\\\\v1\\\\index.js\"}"}}
[debug] [2023-02-28T11:48:23.568Z] [runtime-status] [19972] Resolved module firebase-admin {"declared":true,"installed":true,"version":"11.5.0","resolution":"C:\\Users\\jega4\\Gitrepo\\clubmithra\\server\\functions\\node_modules\\firebase-admin\\lib\\index.js"} {"metadata":{"emulator":{"name":"functions"},"function":{"name":"us-central1-api"},"extension":{},"message":"[runtime-status] [19972] Resolved module firebase-admin {\"declared\":true,\"installed\":true,\"version\":\"11.5.0\",\"resolution\":\"C:\\\\Users\\\\jega4\\\\Gitrepo\\\\clubmithra\\\\server\\\\functions\\\\node_modules\\\\firebase-admin\\\\lib\\\\index.js\"}"}}
[debug] [2023-02-28T11:48:23.571Z] [runtime-status] [19972] Resolved module firebase-functions {"declared":true,"installed":true,"version":"4.2.1","resolution":"C:\\Users\\jega4\\Gitrepo\\clubmithra\\server\\functions\\node_modules\\firebase-functions\\lib\\v1\\index.js"} {"metadata":{"emulator":{"name":"functions"},"function":{"name":"us-central1-api"},"extension":{},"message":"[runtime-status] [19972] Resolved module firebase-functions {\"declared\":true,\"installed\":true,\"version\":\"4.2.1\",\"resolution\":\"C:\\\\Users\\\\jega4\\\\Gitrepo\\\\clubmithra\\\\server\\\\functions\\\\node_modules\\\\firebase-functions\\\\lib\\\\v1\\\\index.js\"}"}}
[debug] [2023-02-28T11:48:23.571Z] [runtime-status] [19972] firebase-admin has been stubbed. {"adminResolution":{"declared":true,"installed":true,"version":"11.5.0","resolution":"C:\\Users\\jega4\\Gitrepo\\clubmithra\\server\\functions\\node_modules\\firebase-admin\\lib\\index.js"}} {"metadata":{"emulator":{"name":"functions"},"function":{"name":"us-central1-api"},"extension":{},"message":"[runtime-status] [19972] firebase-admin has been stubbed. {\"adminResolution\":{\"declared\":true,\"installed\":true,\"version\":\"11.5.0\",\"resolution\":\"C:\\\\Users\\\\jega4\\\\Gitrepo\\\\clubmithra\\\\server\\\\functions\\\\node_modules\\\\firebase-admin\\\\lib\\\\index.js\"}}"}}
[debug] [2023-02-28T11:48:23.721Z] [runtime-status] [19972] initializeApp(DEFAULT) {"storageBucket":"my-sample-project-tamil.appspot.com","projectId":"my-sample-project-tamil"} {"metadata":{"emulator":{"name":"functions"},"function":{"name":"us-central1-api"},"extension":{},"message":"[runtime-status] [19972] initializeApp(DEFAULT) {\"storageBucket\":\"my-sample-project-tamil.appspot.com\",\"projectId\":\"my-sample-project-tamil\"}"}}
[debug] [2023-02-28T11:48:23.730Z] [runtime-status] [19972] Functions runtime initialized. {"cwd":"C:\\Users\\jega4\\Gitrepo\\clubmithra\\server\\functions","node_version":"16.17.1"} {"metadata":{"emulator":{"name":"functions"},"function":{"name":"us-central1-api"},"extension":{},"message":"[runtime-status] [19972] Functions runtime initialized. {\"cwd\":\"C:\\\\Users\\\\jega4\\\\Gitrepo\\\\clubmithra\\\\server\\\\functions\",\"node_version\":\"16.17.1\"}"}}
[debug] [2023-02-28T11:48:23.730Z] [runtime-status] [19972] Listening to port: \\?\pipe\fire_emu_646cbd06fd284b65 {"metadata":{"emulator":{"name":"functions"},"function":{"name":"us-central1-api"},"extension":{},"message":"[runtime-status] [19972] Listening to port: \\\\?\\pipe\\fire_emu_646cbd06fd284b65"}}
[debug] [2023-02-28T11:48:23.833Z] [worker-us-central1-api-5986aa74-82f8-4b6f-a418-317d91d9d8a7]: IDLE {"metadata":{"emulator":{"name":"functions"},"function":{"name":"us-central1-api"},"extension":{},"message":"[worker-us-central1-api-5986aa74-82f8-4b6f-a418-317d91d9d8a7]: IDLE"}}
[debug] [2023-02-28T11:48:23.833Z] [worker-pool] submitRequest(triggerId=us-central1-api) {"metadata":{"emulator":{"name":"functions"},"message":"[worker-pool] submitRequest(triggerId=us-central1-api)"}}
[info] i  functions: Beginning execution of "us-central1-api" {"metadata":{"emulator":{"name":"functions"},"function":{"name":"us-central1-api"},"extension":{},"message":"Beginning execution of \"us-central1-api\""}}
[debug] [2023-02-28T11:48:23.834Z] [worker-us-central1-api-5986aa74-82f8-4b6f-a418-317d91d9d8a7]: BUSY {"metadata":{"emulator":{"name":"functions"},"function":{"name":"us-central1-api"},"extension":{},"message":"[worker-us-central1-api-5986aa74-82f8-4b6f-a418-317d91d9d8a7]: BUSY"}}
[info] i  functions: Finished "us-central1-api" in 12.4569ms {"metadata":{"emulator":{"name":"functions"},"function":{"name":"us-central1-api"},"extension":{},"message":"Finished \"us-central1-api\" in 12.4569ms"}}
[debug] [2023-02-28T11:48:23.847Z] [worker-us-central1-api-5986aa74-82f8-4b6f-a418-317d91d9d8a7]: IDLE {"metadata":{"emulator":{"name":"functions"},"function":{"name":"us-central1-api"},"extension":{},"message":"[worker-us-central1-api-5986aa74-82f8-4b6f-a418-317d91d9d8a7]: IDLE"}}
[debug] [2023-02-28T11:48:23.848Z] [work-queue] {"queuedWork":[],"queueLength":0,"runningWork":[],"workRunningCount":0}
[debug] [2023-02-28T11:48:25.452Z] [work-queue] {"queuedWork":["/my-sample-project-tamil/us-central1/api/user/IbYUJISpHa3pTqPvY4XY-2023-02-28T11:48:25.452Z"],"queueLength":1,"runningWork":[],"workRunningCount":0}
[debug] [2023-02-28T11:48:25.452Z] [work-queue] {"queuedWork":[],"queueLength":0,"runningWork":["/my-sample-project-tamil/us-central1/api/user/IbYUJISpHa3pTqPvY4XY-2023-02-28T11:48:25.452Z"],"workRunningCount":1}
[debug] [2023-02-28T11:48:25.452Z] Accepted request DELETE /my-sample-project-tamil/us-central1/api/user/IbYUJISpHa3pTqPvY4XY --> us-central1-api
[debug] [2023-02-28T11:48:25.455Z] [functions] Runtime ready! Sending request! {"metadata":{"emulator":{"name":"functions"},"message":"[functions] Runtime ready! Sending request!"}}
[debug] [2023-02-28T11:48:25.456Z] [functions] Got req.url=/my-sample-project-tamil/us-central1/api/user/IbYUJISpHa3pTqPvY4XY, mapping to path=/user/IbYUJISpHa3pTqPvY4XY {"metadata":{"emulator":{"name":"functions"},"message":"[functions] Got req.url=/my-sample-project-tamil/us-central1/api/user/IbYUJISpHa3pTqPvY4XY, mapping to path=/user/IbYUJISpHa3pTqPvY4XY"}}
[debug] [2023-02-28T11:48:25.456Z] [worker-pool] submitRequest(triggerId=us-central1-api) {"metadata":{"emulator":{"name":"functions"},"message":"[worker-pool] submitRequest(triggerId=us-central1-api)"}}
[info] i  functions: Beginning execution of "us-central1-api" {"metadata":{"emulator":{"name":"functions"},"function":{"name":"us-central1-api"},"extension":{},"message":"Beginning execution of \"us-central1-api\""}}
[debug] [2023-02-28T11:48:25.457Z] [worker-us-central1-api-5986aa74-82f8-4b6f-a418-317d91d9d8a7]: BUSY {"metadata":{"emulator":{"name":"functions"},"function":{"name":"us-central1-api"},"extension":{},"message":"[worker-us-central1-api-5986aa74-82f8-4b6f-a418-317d91d9d8a7]: BUSY"}}
[info] i  functions: Finished "us-central1-api" in 4.25ms {"metadata":{"emulator":{"name":"functions"},"function":{"name":"us-central1-api"},"extension":{},"message":"Finished \"us-central1-api\" in 4.25ms"}}
[debug] [2023-02-28T11:48:25.462Z] [worker-us-central1-api-5986aa74-82f8-4b6f-a418-317d91d9d8a7]: IDLE {"metadata":{"emulator":{"name":"functions"},"function":{"name":"us-central1-api"},"extension":{},"message":"[worker-us-central1-api-5986aa74-82f8-4b6f-a418-317d91d9d8a7]: IDLE"}}
[debug] [2023-02-28T11:48:25.462Z] [work-queue] {"queuedWork":[],"queueLength":0,"runningWork":[],"workRunningCount":0}
[debug] [2023-02-28T11:53:31.285Z] Received signal SIGHUP 1
